{"/home/travis/build/npmtest/node-npmtest-cmake-js/test.js":{"path":"/home/travis/build/npmtest/node-npmtest-cmake-js/test.js","s":{"1":2,"2":2,"3":2,"4":2,"5":2,"6":2,"7":2,"8":1,"9":2,"10":2,"11":1,"12":1,"13":1,"14":1,"15":2,"16":2,"17":2,"18":2,"19":1,"20":1,"21":2,"22":2,"23":2,"24":1,"25":1,"26":1,"27":1,"28":1,"29":1,"30":1,"31":1,"32":1,"33":1,"34":1,"35":1,"36":1,"37":1,"38":1,"39":2,"40":2,"41":1,"42":2,"43":2,"44":1,"45":2,"46":2,"47":1,"48":2,"49":2,"50":1,"51":1,"52":1,"53":1,"54":1},"b":{"1":[2,1,1,1],"2":[1,1,1,1],"3":[1,1],"4":[1,1],"5":[1,1],"6":[1,1],"7":[1,1],"8":[1,1],"9":[1,1],"10":[1,1,1],"11":[1,1],"12":[1,1],"13":[1,1],"14":[1,1],"15":[1,1],"16":[1,1],"17":[1,1]},"f":{"1":2,"2":2,"3":2,"4":2,"5":2,"6":1,"7":1,"8":1,"9":2,"10":2,"11":2,"12":2,"13":1},"fnMap":{"1":{"name":"(anonymous_1)","line":12,"loc":{"start":{"line":12,"column":1},"end":{"line":12,"column":13}}},"2":{"name":"(anonymous_2)","line":19,"loc":{"start":{"line":19,"column":5},"end":{"line":19,"column":17}}},"3":{"name":"(anonymous_3)","line":23,"loc":{"start":{"line":23,"column":24},"end":{"line":23,"column":36}}},"4":{"name":"(anonymous_4)","line":61,"loc":{"start":{"line":61,"column":5},"end":{"line":61,"column":17}}},"5":{"name":"(anonymous_5)","line":82,"loc":{"start":{"line":82,"column":5},"end":{"line":82,"column":17}}},"6":{"name":"(anonymous_6)","line":91,"loc":{"start":{"line":91,"column":77},"end":{"line":94,"column":10}}},"7":{"name":"(anonymous_7)","line":112,"loc":{"start":{"line":112,"column":83},"end":{"line":115,"column":10}},"skip":true},"8":{"name":"(anonymous_8)","line":123,"loc":{"start":{"line":123,"column":77},"end":{"line":126,"column":10}},"skip":true},"9":{"name":"(anonymous_9)","line":139,"loc":{"start":{"line":139,"column":12},"end":{"line":139,"column":40}},"skip":true},"10":{"name":"(anonymous_10)","line":147,"loc":{"start":{"line":147,"column":77},"end":{"line":150,"column":10}},"skip":true},"11":{"name":"(anonymous_11)","line":158,"loc":{"start":{"line":158,"column":83},"end":{"line":161,"column":10}},"skip":true},"12":{"name":"(anonymous_12)","line":169,"loc":{"start":{"line":169,"column":79},"end":{"line":172,"column":10}},"skip":true},"13":{"name":"(anonymous_13)","line":180,"loc":{"start":{"line":180,"column":75},"end":{"line":183,"column":10}},"skip":true}},"statementMap":{"1":{"start":{"line":12,"column":0},"end":{"line":195,"column":5}},"2":{"start":{"line":14,"column":4},"end":{"line":14,"column":14}},"3":{"start":{"line":19,"column":4},"end":{"line":56,"column":9}},"4":{"start":{"line":21,"column":8},"end":{"line":21,"column":19}},"5":{"start":{"line":23,"column":8},"end":{"line":35,"column":13}},"6":{"start":{"line":24,"column":12},"end":{"line":34,"column":13}},"7":{"start":{"line":25,"column":16},"end":{"line":28,"column":30}},"8":{"start":{"line":30,"column":16},"end":{"line":33,"column":27}},"9":{"start":{"line":37,"column":8},"end":{"line":39,"column":21}},"10":{"start":{"line":40,"column":8},"end":{"line":53,"column":9}},"11":{"start":{"line":43,"column":12},"end":{"line":46,"column":14}},"12":{"start":{"line":47,"column":12},"end":{"line":47,"column":18}},"13":{"start":{"line":50,"column":12},"end":{"line":51,"column":33}},"14":{"start":{"line":52,"column":12},"end":{"line":52,"column":18}},"15":{"start":{"line":55,"column":8},"end":{"line":55,"column":35}},"16":{"start":{"line":61,"column":4},"end":{"line":63,"column":9}},"17":{"start":{"line":62,"column":8},"end":{"line":62,"column":15}},"18":{"start":{"line":64,"column":4},"end":{"line":77,"column":5}},"19":{"start":{"line":70,"column":8},"end":{"line":70,"column":14}},"20":{"start":{"line":76,"column":8},"end":{"line":76,"column":14}},"21":{"start":{"line":82,"column":4},"end":{"line":84,"column":9}},"22":{"start":{"line":83,"column":8},"end":{"line":83,"column":15}},"23":{"start":{"line":85,"column":4},"end":{"line":194,"column":5}},"24":{"start":{"line":91,"column":8},"end":{"line":99,"column":10}},"25":{"start":{"line":98,"column":12},"end":{"line":98,"column":35}},"26":{"start":{"line":102,"column":8},"end":{"line":104,"column":63}},"27":{"start":{"line":105,"column":8},"end":{"line":105,"column":14}},"28":{"start":{"line":112,"column":8},"end":{"line":121,"column":10},"skip":true},"29":{"start":{"line":119,"column":12},"end":{"line":119,"column":55},"skip":true},"30":{"start":{"line":120,"column":12},"end":{"line":120,"column":48},"skip":true},"31":{"start":{"line":123,"column":8},"end":{"line":136,"column":10},"skip":true},"32":{"start":{"line":130,"column":12},"end":{"line":130,"column":76},"skip":true},"33":{"start":{"line":131,"column":12},"end":{"line":131,"column":73},"skip":true},"34":{"start":{"line":132,"column":12},"end":{"line":132,"column":74},"skip":true},"35":{"start":{"line":133,"column":12},"end":{"line":133,"column":79},"skip":true},"36":{"start":{"line":134,"column":12},"end":{"line":134,"column":25},"skip":true},"37":{"start":{"line":135,"column":12},"end":{"line":135,"column":45},"skip":true},"38":{"start":{"line":138,"column":8},"end":{"line":145,"column":14},"skip":true},"39":{"start":{"line":143,"column":16},"end":{"line":143,"column":29},"skip":true},"40":{"start":{"line":144,"column":16},"end":{"line":144,"column":55},"skip":true},"41":{"start":{"line":147,"column":8},"end":{"line":156,"column":10},"skip":true},"42":{"start":{"line":154,"column":12},"end":{"line":154,"column":25},"skip":true},"43":{"start":{"line":155,"column":12},"end":{"line":155,"column":45},"skip":true},"44":{"start":{"line":158,"column":8},"end":{"line":167,"column":10},"skip":true},"45":{"start":{"line":165,"column":12},"end":{"line":165,"column":25},"skip":true},"46":{"start":{"line":166,"column":12},"end":{"line":166,"column":48},"skip":true},"47":{"start":{"line":169,"column":8},"end":{"line":178,"column":10},"skip":true},"48":{"start":{"line":176,"column":12},"end":{"line":176,"column":25},"skip":true},"49":{"start":{"line":177,"column":12},"end":{"line":177,"column":46},"skip":true},"50":{"start":{"line":180,"column":8},"end":{"line":189,"column":10},"skip":true},"51":{"start":{"line":187,"column":12},"end":{"line":187,"column":94},"skip":true},"52":{"start":{"line":188,"column":12},"end":{"line":188,"column":48},"skip":true},"53":{"start":{"line":192,"column":8},"end":{"line":192,"column":35},"skip":true},"54":{"start":{"line":193,"column":8},"end":{"line":193,"column":14},"skip":true}},"branchMap":{"1":{"line":25,"type":"binary-expr","locations":[{"start":{"line":25,"column":23},"end":{"line":25,"column":62}},{"start":{"line":26,"column":20},"end":{"line":26,"column":70}},{"start":{"line":27,"column":20},"end":{"line":27,"column":71}},{"start":{"line":28,"column":20},"end":{"line":28,"column":29}}]},"2":{"line":30,"type":"binary-expr","locations":[{"start":{"line":30,"column":23},"end":{"line":30,"column":37}},{"start":{"line":31,"column":20},"end":{"line":31,"column":61}},{"start":{"line":32,"column":20},"end":{"line":32,"column":70}},{"start":{"line":33,"column":20},"end":{"line":33,"column":26}}]},"3":{"line":37,"type":"cond-expr","locations":[{"start":{"line":38,"column":14},"end":{"line":38,"column":20}},{"start":{"line":39,"column":14},"end":{"line":39,"column":20}}]},"4":{"line":40,"type":"switch","locations":[{"start":{"line":42,"column":8},"end":{"line":47,"column":18}},{"start":{"line":49,"column":8},"end":{"line":52,"column":18}}]},"5":{"line":44,"type":"binary-expr","locations":[{"start":{"line":44,"column":16},"end":{"line":44,"column":44}},{"start":{"line":44,"column":48},"end":{"line":44,"column":66}}]},"6":{"line":50,"type":"binary-expr","locations":[{"start":{"line":50,"column":21},"end":{"line":50,"column":49}},{"start":{"line":50,"column":53},"end":{"line":50,"column":72}}]},"7":{"line":64,"type":"switch","locations":[{"start":{"line":69,"column":4},"end":{"line":70,"column":14}},{"start":{"line":75,"column":4},"end":{"line":76,"column":14}}]},"8":{"line":85,"type":"switch","locations":[{"start":{"line":90,"column":4},"end":{"line":105,"column":14}},{"start":{"line":111,"column":4},"end":{"line":193,"column":14},"skip":true}]},"9":{"line":91,"type":"binary-expr","locations":[{"start":{"line":91,"column":42},"end":{"line":91,"column":73}},{"start":{"line":91,"column":77},"end":{"line":99,"column":9}}]},"10":{"line":102,"type":"binary-expr","locations":[{"start":{"line":102,"column":18},"end":{"line":102,"column":32}},{"start":{"line":103,"column":12},"end":{"line":103,"column":53}},{"start":{"line":104,"column":12},"end":{"line":104,"column":61}}]},"11":{"line":112,"type":"binary-expr","locations":[{"start":{"line":112,"column":45},"end":{"line":112,"column":79},"skip":true},{"start":{"line":112,"column":83},"end":{"line":121,"column":9},"skip":true}]},"12":{"line":123,"type":"binary-expr","locations":[{"start":{"line":123,"column":42},"end":{"line":123,"column":73},"skip":true},{"start":{"line":123,"column":77},"end":{"line":136,"column":9},"skip":true}]},"13":{"line":138,"type":"binary-expr","locations":[{"start":{"line":138,"column":48},"end":{"line":138,"column":85},"skip":true},{"start":{"line":139,"column":12},"end":{"line":145,"column":13},"skip":true}]},"14":{"line":147,"type":"binary-expr","locations":[{"start":{"line":147,"column":42},"end":{"line":147,"column":73},"skip":true},{"start":{"line":147,"column":77},"end":{"line":156,"column":9},"skip":true}]},"15":{"line":158,"type":"binary-expr","locations":[{"start":{"line":158,"column":45},"end":{"line":158,"column":79},"skip":true},{"start":{"line":158,"column":83},"end":{"line":167,"column":9},"skip":true}]},"16":{"line":169,"type":"binary-expr","locations":[{"start":{"line":169,"column":43},"end":{"line":169,"column":75},"skip":true},{"start":{"line":169,"column":79},"end":{"line":178,"column":9},"skip":true}]},"17":{"line":180,"type":"binary-expr","locations":[{"start":{"line":180,"column":41},"end":{"line":180,"column":71},"skip":true},{"start":{"line":180,"column":75},"end":{"line":189,"column":9},"skip":true}]}},"code":["/* istanbul instrument in package npmtest_cmake_js */","/*jslint","    bitwise: true,","    browser: true,","    maxerr: 8,","    maxlen: 96,","    node: true,","    nomen: true,","    regexp: true,","    stupid: true","*/","(function () {","    'use strict';","    var local;","","","","    // run shared js-env code - pre-init","    (function () {","        // init local","        local = {};","        // init modeJs","        local.modeJs = (function () {","            try {","                return typeof navigator.userAgent === 'string' &&","                    typeof document.querySelector('body') === 'object' &&","                    typeof XMLHttpRequest.prototype.open === 'function' &&","                    'browser';","            } catch (errorCaughtBrowser) {","                return module.exports &&","                    typeof process.versions.node === 'string' &&","                    typeof require('http').createServer === 'function' &&","                    'node';","            }","        }());","        // init global","        local.global = local.modeJs === 'browser'","            ? window","            : global;","        switch (local.modeJs) {","        // re-init local from window.local","        case 'browser':","            local = local.global.utility2.objectSetDefault(","                local.global.utility2_rollup || local.global.local,","                local.global.utility2","            );","            break;","        // re-init local from example.js","        case 'node':","            local = (local.global.utility2_rollup || require('utility2'))","                .requireReadme();","            break;","        }","        // export local","        local.global.local = local;","    }());","","","","    // run shared js-env code - function","    (function () {","        return;","    }());","    switch (local.modeJs) {","","","","    // run browser js-env code - function","    case 'browser':","        break;","","","","    // run node js-env code - function","    case 'node':","        break;","    }","","","","    // run shared js-env code - post-init","    (function () {","        return;","    }());","    switch (local.modeJs) {","","","","    // run browser js-env code - post-init","    case 'browser':","        local.testCase_browser_nullCase = local.testCase_browser_nullCase || function (","            options,","            onError","        ) {","        /*","         * this function will test browsers's null-case handling-behavior-behavior","         */","            onError(null, options);","        };","","        // run tests","        local.nop(local.modeTest &&","            document.querySelector('#testRunButton1') &&","            document.querySelector('#testRunButton1').click());","        break;","","","","    // run node js-env code - post-init","    /* istanbul ignore next */","    case 'node':","        local.testCase_buildApidoc_default = local.testCase_buildApidoc_default || function (","            options,","            onError","        ) {","        /*","         * this function will test buildApidoc's default handling-behavior-behavior","         */","            options = { modulePathList: module.paths };","            local.buildApidoc(options, onError);","        };","","        local.testCase_buildApp_default = local.testCase_buildApp_default || function (","            options,","            onError","        ) {","        /*","         * this function will test buildApp's default handling-behavior-behavior","         */","            local.testCase_buildReadme_default(options, local.onErrorThrow);","            local.testCase_buildLib_default(options, local.onErrorThrow);","            local.testCase_buildTest_default(options, local.onErrorThrow);","            local.testCase_buildCustomOrg_default(options, local.onErrorThrow);","            options = [];","            local.buildApp(options, onError);","        };","","        local.testCase_buildCustomOrg_default = local.testCase_buildCustomOrg_default ||","            function (options, onError) {","            /*","             * this function will test buildCustomOrg's default handling-behavior","             */","                options = {};","                local.buildCustomOrg(options, onError);","            };","","        local.testCase_buildLib_default = local.testCase_buildLib_default || function (","            options,","            onError","        ) {","        /*","         * this function will test buildLib's default handling-behavior","         */","            options = {};","            local.buildLib(options, onError);","        };","","        local.testCase_buildReadme_default = local.testCase_buildReadme_default || function (","            options,","            onError","        ) {","        /*","         * this function will test buildReadme's default handling-behavior-behavior","         */","            options = {};","            local.buildReadme(options, onError);","        };","","        local.testCase_buildTest_default = local.testCase_buildTest_default || function (","            options,","            onError","        ) {","        /*","         * this function will test buildTest's default handling-behavior","         */","            options = {};","            local.buildTest(options, onError);","        };","","        local.testCase_webpage_default = local.testCase_webpage_default || function (","            options,","            onError","        ) {","        /*","         * this function will test webpage's default handling-behavior","         */","            options = { modeCoverageMerge: true, url: local.serverLocalHost + '?modeTest=1' };","            local.browserTest(options, onError);","        };","","        // run test-server","        local.testRunServer(local);","        break;","    }","}());",""],"l":{"12":2,"14":2,"19":2,"21":2,"23":2,"24":2,"25":2,"30":1,"37":2,"40":2,"43":1,"47":1,"50":1,"52":1,"55":2,"61":2,"62":2,"64":2,"70":1,"76":1,"82":2,"83":2,"85":2,"91":1,"98":1,"102":1,"105":1,"112":1,"119":1,"120":1,"123":1,"130":1,"131":1,"132":1,"133":1,"134":1,"135":1,"138":1,"143":2,"144":2,"147":1,"154":2,"155":2,"158":1,"165":2,"166":2,"169":1,"176":2,"177":2,"180":1,"187":1,"188":1,"192":1,"193":1}},"/home/travis/build/npmtest/node-npmtest-cmake-js/lib.npmtest_cmake_js.js":{"path":"/home/travis/build/npmtest/node-npmtest-cmake-js/lib.npmtest_cmake_js.js","s":{"1":2,"2":2,"3":2,"4":2,"5":2,"6":2,"7":2,"8":1,"9":2,"10":2,"11":2,"12":2,"13":1,"14":1,"15":1,"16":1},"b":{"1":[2,1,1,1],"2":[1,1,1,1],"3":[1,1],"4":[2,2],"5":[1,1]},"f":{"1":2,"2":2,"3":2},"fnMap":{"1":{"name":"(anonymous_1)","line":12,"loc":{"start":{"line":12,"column":1},"end":{"line":12,"column":13}}},"2":{"name":"(anonymous_2)","line":19,"loc":{"start":{"line":19,"column":5},"end":{"line":19,"column":17}}},"3":{"name":"(anonymous_3)","line":23,"loc":{"start":{"line":23,"column":24},"end":{"line":23,"column":36}}}},"statementMap":{"1":{"start":{"line":12,"column":0},"end":{"line":53,"column":5}},"2":{"start":{"line":14,"column":4},"end":{"line":14,"column":14}},"3":{"start":{"line":19,"column":4},"end":{"line":52,"column":9}},"4":{"start":{"line":21,"column":8},"end":{"line":21,"column":19}},"5":{"start":{"line":23,"column":8},"end":{"line":35,"column":13}},"6":{"start":{"line":24,"column":12},"end":{"line":34,"column":13}},"7":{"start":{"line":25,"column":16},"end":{"line":28,"column":30}},"8":{"start":{"line":30,"column":16},"end":{"line":33,"column":27}},"9":{"start":{"line":37,"column":8},"end":{"line":39,"column":21}},"10":{"start":{"line":41,"column":8},"end":{"line":41,"column":54}},"11":{"start":{"line":43,"column":8},"end":{"line":43,"column":53}},"12":{"start":{"line":45,"column":8},"end":{"line":51,"column":9}},"13":{"start":{"line":46,"column":12},"end":{"line":46,"column":59}},"14":{"start":{"line":48,"column":12},"end":{"line":48,"column":35}},"15":{"start":{"line":49,"column":12},"end":{"line":49,"column":49}},"16":{"start":{"line":50,"column":12},"end":{"line":50,"column":43}}},"branchMap":{"1":{"line":25,"type":"binary-expr","locations":[{"start":{"line":25,"column":23},"end":{"line":25,"column":62}},{"start":{"line":26,"column":20},"end":{"line":26,"column":70}},{"start":{"line":27,"column":20},"end":{"line":27,"column":71}},{"start":{"line":28,"column":20},"end":{"line":28,"column":29}}]},"2":{"line":30,"type":"binary-expr","locations":[{"start":{"line":30,"column":23},"end":{"line":30,"column":37}},{"start":{"line":31,"column":20},"end":{"line":31,"column":61}},{"start":{"line":32,"column":20},"end":{"line":32,"column":70}},{"start":{"line":33,"column":20},"end":{"line":33,"column":26}}]},"3":{"line":37,"type":"cond-expr","locations":[{"start":{"line":38,"column":14},"end":{"line":38,"column":20}},{"start":{"line":39,"column":14},"end":{"line":39,"column":20}}]},"4":{"line":41,"type":"binary-expr","locations":[{"start":{"line":41,"column":16},"end":{"line":41,"column":44}},{"start":{"line":41,"column":48},"end":{"line":41,"column":53}}]},"5":{"line":45,"type":"if","locations":[{"start":{"line":45,"column":8},"end":{"line":45,"column":8}},{"start":{"line":45,"column":8},"end":{"line":45,"column":8}}]}},"code":["/* istanbul instrument in package npmtest_cmake_js */","/*jslint","    bitwise: true,","    browser: true,","    maxerr: 8,","    maxlen: 96,","    node: true,","    nomen: true,","    regexp: true,","    stupid: true","*/","(function () {","    'use strict';","    var local;","","","","    // run shared js-env code - pre-init","    (function () {","        // init local","        local = {};","        // init modeJs","        local.modeJs = (function () {","            try {","                return typeof navigator.userAgent === 'string' &&","                    typeof document.querySelector('body') === 'object' &&","                    typeof XMLHttpRequest.prototype.open === 'function' &&","                    'browser';","            } catch (errorCaughtBrowser) {","                return module.exports &&","                    typeof process.versions.node === 'string' &&","                    typeof require('http').createServer === 'function' &&","                    'node';","            }","        }());","        // init global","        local.global = local.modeJs === 'browser'","            ? window","            : global;","        // init utility2_rollup","        local = local.global.utility2_rollup || local;","        // init lib","        local.local = local.npmtest_cmake_js = local;","        // init exports","        if (local.modeJs === 'browser') {","            local.global.utility2_npmtest_cmake_js = local;","        } else {","            module.exports = local;","            module.exports.__dirname = __dirname;","            module.exports.module = module;","        }","    }());","}());",""],"l":{"12":2,"14":2,"19":2,"21":2,"23":2,"24":2,"25":2,"30":1,"37":2,"41":2,"43":2,"45":2,"46":1,"48":1,"49":1,"50":1}},"/home/travis/build/npmtest/node-npmtest-cmake-js/example.js":{"path":"/home/travis/build/npmtest/node-npmtest-cmake-js/example.js","s":{"1":2,"2":2,"3":2,"4":2,"5":2,"6":2,"7":2,"8":1,"9":2,"10":2,"11":2,"12":2,"13":1,"14":2,"15":2,"16":2,"17":2,"18":2,"19":0,"20":2,"21":1,"22":1,"23":1,"24":1,"25":1,"26":0,"27":0,"28":1,"29":1,"30":2,"31":0,"32":0,"33":0,"34":1,"35":2,"36":2,"37":3,"38":3,"39":3,"40":3,"41":0,"42":3,"43":3,"44":3,"45":1,"46":3,"47":1,"48":1,"49":1,"50":1,"51":1,"52":1,"53":1,"54":1,"55":1,"56":1,"57":0,"58":1,"59":6,"60":6,"61":1,"62":2,"63":0,"64":2,"65":1,"66":1,"67":0,"68":0,"69":0,"70":0,"71":0,"72":0,"73":0,"74":0,"75":0,"76":0,"77":0,"78":0,"79":0,"80":0,"81":0,"82":0,"83":0},"b":{"1":[2,1,1,1],"2":[1,1,1,1],"3":[1,1],"4":[2,2],"5":[1,1],"6":[1,1],"7":[2,0],"8":[2,1,1,1,1,1],"9":[0,2,0],"10":[1,1],"11":[2,1,1],"12":[1,0],"13":[0,2],"14":[2,0,0,0,0,0,0],"15":[0,3],"16":[3,0],"17":[1,1],"18":[0,1],"19":[1,2,0,2],"20":[1,0],"21":[1,1],"22":[0,0],"23":[0,0],"24":[0,0],"25":[0,0],"26":[0,0],"27":[0,0],"28":[0,0]},"f":{"1":2,"2":2,"3":2,"4":2,"5":2,"6":2,"7":3,"8":3,"9":3,"10":1,"11":6,"12":0},"fnMap":{"1":{"name":"(anonymous_1)","line":26,"loc":{"start":{"line":26,"column":1},"end":{"line":26,"column":13}}},"2":{"name":"(anonymous_2)","line":33,"loc":{"start":{"line":33,"column":5},"end":{"line":33,"column":17}}},"3":{"name":"(anonymous_3)","line":37,"loc":{"start":{"line":37,"column":24},"end":{"line":37,"column":36}}},"4":{"name":"(anonymous_4)","line":69,"loc":{"start":{"line":69,"column":31},"end":{"line":69,"column":48}},"skip":true},"5":{"name":"(anonymous_5)","line":78,"loc":{"start":{"line":78,"column":26},"end":{"line":78,"column":45}},"skip":true},"6":{"name":"(anonymous_6)","line":123,"loc":{"start":{"line":123,"column":33},"end":{"line":123,"column":48}},"skip":true},"7":{"name":"(anonymous_7)","line":125,"loc":{"start":{"line":125,"column":27},"end":{"line":125,"column":39}},"skip":true},"8":{"name":"(anonymous_8)","line":133,"loc":{"start":{"line":133,"column":59},"end":{"line":133,"column":74}},"skip":true},"9":{"name":"(anonymous_9)","line":143,"loc":{"start":{"line":143,"column":45},"end":{"line":143,"column":62}},"skip":true},"10":{"name":"(anonymous_10)","line":144,"loc":{"start":{"line":144,"column":73},"end":{"line":144,"column":92}},"skip":true},"11":{"name":"(anonymous_11)","line":272,"loc":{"start":{"line":272,"column":51},"end":{"line":272,"column":77}},"skip":true},"12":{"name":"(anonymous_12)","line":315,"loc":{"start":{"line":315,"column":32},"end":{"line":315,"column":61}},"skip":true}},"statementMap":{"1":{"start":{"line":26,"column":0},"end":{"line":326,"column":5}},"2":{"start":{"line":28,"column":4},"end":{"line":28,"column":14}},"3":{"start":{"line":33,"column":4},"end":{"line":60,"column":9}},"4":{"start":{"line":35,"column":8},"end":{"line":35,"column":19}},"5":{"start":{"line":37,"column":8},"end":{"line":49,"column":13}},"6":{"start":{"line":38,"column":12},"end":{"line":48,"column":13}},"7":{"start":{"line":39,"column":16},"end":{"line":42,"column":30}},"8":{"start":{"line":44,"column":16},"end":{"line":47,"column":27}},"9":{"start":{"line":51,"column":8},"end":{"line":53,"column":21}},"10":{"start":{"line":55,"column":8},"end":{"line":57,"column":45}},"11":{"start":{"line":59,"column":8},"end":{"line":59,"column":35}},"12":{"start":{"line":61,"column":4},"end":{"line":325,"column":5}},"13":{"start":{"line":69,"column":8},"end":{"line":121,"column":10},"skip":true},"14":{"start":{"line":70,"column":12},"end":{"line":88,"column":13},"skip":true},"15":{"start":{"line":76,"column":16},"end":{"line":87,"column":19},"skip":true},"16":{"start":{"line":79,"column":20},"end":{"line":86,"column":21},"skip":true},"17":{"start":{"line":82,"column":24},"end":{"line":82,"column":43},"skip":true},"18":{"start":{"line":83,"column":24},"end":{"line":83,"column":30},"skip":true},"19":{"start":{"line":85,"column":24},"end":{"line":85,"column":49},"skip":true},"20":{"start":{"line":89,"column":12},"end":{"line":107,"column":13},"skip":true},"21":{"start":{"line":92,"column":16},"end":{"line":102,"column":17},"skip":true},"22":{"start":{"line":93,"column":20},"end":{"line":93,"column":86},"skip":true},"23":{"start":{"line":94,"column":20},"end":{"line":95,"column":45},"skip":true},"24":{"start":{"line":96,"column":20},"end":{"line":96,"column":42},"skip":true},"25":{"start":{"line":97,"column":20},"end":{"line":97,"column":48},"skip":true},"26":{"start":{"line":100,"column":20},"end":{"line":100,"column":85},"skip":true},"27":{"start":{"line":101,"column":20},"end":{"line":101,"column":96},"skip":true},"28":{"start":{"line":103,"column":16},"end":{"line":103,"column":22},"skip":true},"29":{"start":{"line":106,"column":16},"end":{"line":106,"column":22},"skip":true},"30":{"start":{"line":108,"column":12},"end":{"line":120,"column":13},"skip":true},"31":{"start":{"line":114,"column":16},"end":{"line":119,"column":17},"skip":true},"32":{"start":{"line":116,"column":20},"end":{"line":116,"column":78},"skip":true},"33":{"start":{"line":118,"column":20},"end":{"line":118,"column":47},"skip":true},"34":{"start":{"line":123,"column":8},"end":{"line":141,"column":11},"skip":true},"35":{"start":{"line":124,"column":12},"end":{"line":124,"column":54},"skip":true},"36":{"start":{"line":125,"column":12},"end":{"line":140,"column":14},"skip":true},"37":{"start":{"line":126,"column":16},"end":{"line":126,"column":28},"skip":true},"38":{"start":{"line":127,"column":16},"end":{"line":127,"column":69},"skip":true},"39":{"start":{"line":128,"column":16},"end":{"line":128,"column":75},"skip":true},"40":{"start":{"line":129,"column":16},"end":{"line":131,"column":17},"skip":true},"41":{"start":{"line":130,"column":20},"end":{"line":130,"column":27},"skip":true},"42":{"start":{"line":133,"column":16},"end":{"line":137,"column":36},"skip":true},"43":{"start":{"line":134,"column":20},"end":{"line":136,"column":55},"skip":true},"44":{"start":{"line":139,"column":16},"end":{"line":139,"column":57},"skip":true},"45":{"start":{"line":143,"column":8},"end":{"line":147,"column":11},"skip":true},"46":{"start":{"line":144,"column":12},"end":{"line":146,"column":15},"skip":true},"47":{"start":{"line":145,"column":16},"end":{"line":145,"column":70},"skip":true},"48":{"start":{"line":149,"column":8},"end":{"line":149,"column":31},"skip":true},"49":{"start":{"line":150,"column":8},"end":{"line":150,"column":14},"skip":true},"50":{"start":{"line":158,"column":8},"end":{"line":158,"column":31},"skip":true},"51":{"start":{"line":160,"column":8},"end":{"line":160,"column":33},"skip":true},"52":{"start":{"line":161,"column":8},"end":{"line":161,"column":37},"skip":true},"53":{"start":{"line":162,"column":8},"end":{"line":162,"column":35},"skip":true},"54":{"start":{"line":164,"column":8},"end":{"line":164,"column":50},"skip":true},"55":{"start":{"line":166,"column":8},"end":{"line":256,"column":2},"skip":true},"56":{"start":{"line":258,"column":8},"end":{"line":286,"column":9},"skip":true},"57":{"start":{"line":259,"column":12},"end":{"line":269,"column":14},"skip":true},"58":{"start":{"line":271,"column":12},"end":{"line":285,"column":19},"skip":true},"59":{"start":{"line":274,"column":20},"end":{"line":274,"column":35},"skip":true},"60":{"start":{"line":275,"column":20},"end":{"line":284,"column":21},"skip":true},"61":{"start":{"line":277,"column":24},"end":{"line":277,"column":64},"skip":true},"62":{"start":{"line":279,"column":24},"end":{"line":279,"column":40},"skip":true},"63":{"start":{"line":281,"column":24},"end":{"line":281,"column":40},"skip":true},"64":{"start":{"line":283,"column":24},"end":{"line":283,"column":39},"skip":true},"65":{"start":{"line":288,"column":8},"end":{"line":290,"column":9},"skip":true},"66":{"start":{"line":289,"column":12},"end":{"line":289,"column":18},"skip":true},"67":{"start":{"line":291,"column":8},"end":{"line":293,"column":54},"skip":true},"68":{"start":{"line":296,"column":8},"end":{"line":301,"column":37},"skip":true},"69":{"start":{"line":303,"column":8},"end":{"line":303,"column":82},"skip":true},"70":{"start":{"line":306,"column":8},"end":{"line":308,"column":9},"skip":true},"71":{"start":{"line":307,"column":12},"end":{"line":307,"column":82},"skip":true},"72":{"start":{"line":310,"column":8},"end":{"line":312,"column":9},"skip":true},"73":{"start":{"line":311,"column":12},"end":{"line":311,"column":18},"skip":true},"74":{"start":{"line":313,"column":8},"end":{"line":313,"column":54},"skip":true},"75":{"start":{"line":314,"column":8},"end":{"line":314,"column":69},"skip":true},"76":{"start":{"line":315,"column":8},"end":{"line":323,"column":36},"skip":true},"77":{"start":{"line":316,"column":12},"end":{"line":316,"column":61},"skip":true},"78":{"start":{"line":317,"column":12},"end":{"line":320,"column":13},"skip":true},"79":{"start":{"line":318,"column":16},"end":{"line":318,"column":75},"skip":true},"80":{"start":{"line":319,"column":16},"end":{"line":319,"column":23},"skip":true},"81":{"start":{"line":321,"column":12},"end":{"line":321,"column":38},"skip":true},"82":{"start":{"line":322,"column":12},"end":{"line":322,"column":27},"skip":true},"83":{"start":{"line":324,"column":8},"end":{"line":324,"column":14},"skip":true}},"branchMap":{"1":{"line":39,"type":"binary-expr","locations":[{"start":{"line":39,"column":23},"end":{"line":39,"column":62}},{"start":{"line":40,"column":20},"end":{"line":40,"column":70}},{"start":{"line":41,"column":20},"end":{"line":41,"column":71}},{"start":{"line":42,"column":20},"end":{"line":42,"column":29}}]},"2":{"line":44,"type":"binary-expr","locations":[{"start":{"line":44,"column":23},"end":{"line":44,"column":37}},{"start":{"line":45,"column":20},"end":{"line":45,"column":61}},{"start":{"line":46,"column":20},"end":{"line":46,"column":70}},{"start":{"line":47,"column":20},"end":{"line":47,"column":26}}]},"3":{"line":51,"type":"cond-expr","locations":[{"start":{"line":52,"column":14},"end":{"line":52,"column":20}},{"start":{"line":53,"column":14},"end":{"line":53,"column":20}}]},"4":{"line":55,"type":"binary-expr","locations":[{"start":{"line":55,"column":16},"end":{"line":55,"column":44}},{"start":{"line":55,"column":49},"end":{"line":57,"column":43}}]},"5":{"line":55,"type":"cond-expr","locations":[{"start":{"line":56,"column":14},"end":{"line":56,"column":52}},{"start":{"line":57,"column":14},"end":{"line":57,"column":43}}]},"6":{"line":61,"type":"switch","locations":[{"start":{"line":68,"column":4},"end":{"line":150,"column":14},"skip":true},{"start":{"line":156,"column":4},"end":{"line":324,"column":14},"skip":true}]},"7":{"line":70,"type":"if","locations":[{"start":{"line":70,"column":12},"end":{"line":70,"column":12},"skip":true},{"start":{"line":70,"column":12},"end":{"line":70,"column":12},"skip":true}]},"8":{"line":70,"type":"binary-expr","locations":[{"start":{"line":70,"column":16},"end":{"line":70,"column":22},"skip":true},{"start":{"line":70,"column":27},"end":{"line":70,"column":32},"skip":true},{"start":{"line":71,"column":20},"end":{"line":71,"column":39},"skip":true},{"start":{"line":72,"column":20},"end":{"line":72,"column":49},"skip":true},{"start":{"line":73,"column":20},"end":{"line":73,"column":58},"skip":true},{"start":{"line":74,"column":20},"end":{"line":74,"column":69},"skip":true}]},"9":{"line":79,"type":"switch","locations":[{"start":{"line":80,"column":20},"end":{"line":80,"column":33},"skip":true},{"start":{"line":81,"column":20},"end":{"line":83,"column":30},"skip":true},{"start":{"line":84,"column":20},"end":{"line":85,"column":49},"skip":true}]},"10":{"line":89,"type":"switch","locations":[{"start":{"line":90,"column":12},"end":{"line":103,"column":22},"skip":true},{"start":{"line":105,"column":12},"end":{"line":106,"column":22},"skip":true}]},"11":{"line":89,"type":"binary-expr","locations":[{"start":{"line":89,"column":20},"end":{"line":89,"column":25},"skip":true},{"start":{"line":89,"column":29},"end":{"line":89,"column":48},"skip":true},{"start":{"line":89,"column":52},"end":{"line":89,"column":74},"skip":true}]},"12":{"line":92,"type":"if","locations":[{"start":{"line":92,"column":16},"end":{"line":92,"column":16},"skip":true},{"start":{"line":92,"column":16},"end":{"line":92,"column":16},"skip":true}]},"13":{"line":108,"type":"if","locations":[{"start":{"line":108,"column":12},"end":{"line":108,"column":12},"skip":true},{"start":{"line":108,"column":12},"end":{"line":108,"column":12},"skip":true}]},"14":{"line":108,"type":"binary-expr","locations":[{"start":{"line":108,"column":16},"end":{"line":108,"column":61},"skip":true},{"start":{"line":108,"column":66},"end":{"line":108,"column":72},"skip":true},{"start":{"line":108,"column":77},"end":{"line":108,"column":82},"skip":true},{"start":{"line":109,"column":20},"end":{"line":109,"column":39},"skip":true},{"start":{"line":110,"column":20},"end":{"line":110,"column":49},"skip":true},{"start":{"line":111,"column":20},"end":{"line":111,"column":58},"skip":true},{"start":{"line":112,"column":20},"end":{"line":112,"column":68},"skip":true}]},"15":{"line":129,"type":"if","locations":[{"start":{"line":129,"column":16},"end":{"line":129,"column":16},"skip":true},{"start":{"line":129,"column":16},"end":{"line":129,"column":16},"skip":true}]},"16":{"line":134,"type":"cond-expr","locations":[{"start":{"line":135,"column":26},"end":{"line":135,"column":29},"skip":true},{"start":{"line":136,"column":26},"end":{"line":136,"column":54},"skip":true}]},"17":{"line":164,"type":"binary-expr","locations":[{"start":{"line":164,"column":27},"end":{"line":164,"column":43},"skip":true},{"start":{"line":164,"column":47},"end":{"line":164,"column":49},"skip":true}]},"18":{"line":258,"type":"if","locations":[{"start":{"line":258,"column":8},"end":{"line":258,"column":8},"skip":true},{"start":{"line":258,"column":8},"end":{"line":258,"column":8},"skip":true}]},"19":{"line":275,"type":"switch","locations":[{"start":{"line":276,"column":20},"end":{"line":277,"column":64},"skip":true},{"start":{"line":278,"column":20},"end":{"line":279,"column":40},"skip":true},{"start":{"line":280,"column":20},"end":{"line":281,"column":40},"skip":true},{"start":{"line":282,"column":20},"end":{"line":283,"column":39},"skip":true}]},"20":{"line":288,"type":"if","locations":[{"start":{"line":288,"column":8},"end":{"line":288,"column":8},"skip":true},{"start":{"line":288,"column":8},"end":{"line":288,"column":8},"skip":true}]},"21":{"line":288,"type":"binary-expr","locations":[{"start":{"line":288,"column":12},"end":{"line":288,"column":40},"skip":true},{"start":{"line":288,"column":44},"end":{"line":288,"column":67},"skip":true}]},"22":{"line":292,"type":"binary-expr","locations":[{"start":{"line":292,"column":12},"end":{"line":292,"column":50},"skip":true},{"start":{"line":293,"column":12},"end":{"line":293,"column":53},"skip":true}]},"23":{"line":297,"type":"binary-expr","locations":[{"start":{"line":297,"column":12},"end":{"line":297,"column":66},"skip":true},{"start":{"line":298,"column":12},"end":{"line":301,"column":36},"skip":true}]},"24":{"line":303,"type":"binary-expr","locations":[{"start":{"line":303,"column":43},"end":{"line":303,"column":75},"skip":true},{"start":{"line":303,"column":79},"end":{"line":303,"column":81},"skip":true}]},"25":{"line":306,"type":"if","locations":[{"start":{"line":306,"column":8},"end":{"line":306,"column":8},"skip":true},{"start":{"line":306,"column":8},"end":{"line":306,"column":8},"skip":true}]},"26":{"line":310,"type":"if","locations":[{"start":{"line":310,"column":8},"end":{"line":310,"column":8},"skip":true},{"start":{"line":310,"column":8},"end":{"line":310,"column":8},"skip":true}]},"27":{"line":313,"type":"binary-expr","locations":[{"start":{"line":313,"column":27},"end":{"line":313,"column":43},"skip":true},{"start":{"line":313,"column":47},"end":{"line":313,"column":53},"skip":true}]},"28":{"line":317,"type":"if","locations":[{"start":{"line":317,"column":12},"end":{"line":317,"column":12},"skip":true},{"start":{"line":317,"column":12},"end":{"line":317,"column":12},"skip":true}]}},"code":["/*","example.js","","quickstart example","","instruction","    1. save this script as example.js","    2. run the shell command:","        $ npm install npmtest-cmake-js && PORT=8081 node example.js","    3. play with the browser-demo on http://127.0.0.1:8081","*/","","","","/* istanbul instrument in package npmtest_cmake_js */","/*jslint","    bitwise: true,","    browser: true,","    maxerr: 8,","    maxlen: 96,","    node: true,","    nomen: true,","    regexp: true,","    stupid: true","*/","(function () {","    'use strict';","    var local;","","","","    // run shared js-env code - pre-init","    (function () {","        // init local","        local = {};","        // init modeJs","        local.modeJs = (function () {","            try {","                return typeof navigator.userAgent === 'string' &&","                    typeof document.querySelector('body') === 'object' &&","                    typeof XMLHttpRequest.prototype.open === 'function' &&","                    'browser';","            } catch (errorCaughtBrowser) {","                return module.exports &&","                    typeof process.versions.node === 'string' &&","                    typeof require('http').createServer === 'function' &&","                    'node';","            }","        }());","        // init global","        local.global = local.modeJs === 'browser'","            ? window","            : global;","        // init utility2_rollup","        local = local.global.utility2_rollup || (local.modeJs === 'browser'","            ? local.global.utility2_npmtest_cmake_js","            : global.utility2_moduleExports);","        // export local","        local.global.local = local;","    }());","    switch (local.modeJs) {","","","","    // post-init","    // run browser js-env code - post-init","    /* istanbul ignore next */","    case 'browser':","        local.testRunBrowser = function (event) {","            if (!event || (event &&","                    event.currentTarget &&","                    event.currentTarget.className &&","                    event.currentTarget.className.includes &&","                    event.currentTarget.className.includes('onreset'))) {","                // reset output","                Array.from(","                    document.querySelectorAll('body > .resettable')","                ).forEach(function (element) {","                    switch (element.tagName) {","                    case 'INPUT':","                    case 'TEXTAREA':","                        element.value = '';","                        break;","                    default:","                        element.textContent = '';","                    }","                });","            }","            switch (event && event.currentTarget && event.currentTarget.id) {","            case 'testRunButton1':","                // show tests","                if (document.querySelector('#testReportDiv1').style.display === 'none') {","                    document.querySelector('#testReportDiv1').style.display = 'block';","                    document.querySelector('#testRunButton1').textContent =","                        'hide internal test';","                    local.modeTest = true;","                    local.testRunDefault(local);","                // hide tests","                } else {","                    document.querySelector('#testReportDiv1').style.display = 'none';","                    document.querySelector('#testRunButton1').textContent = 'run internal test';","                }","                break;","            // custom-case","            default:","                break;","            }","            if (document.querySelector('#inputTextareaEval1') && (!event || (event &&","                    event.currentTarget &&","                    event.currentTarget.className &&","                    event.currentTarget.className.includes &&","                    event.currentTarget.className.includes('oneval')))) {","                // try to eval input-code","                try {","                    /*jslint evil: true*/","                    eval(document.querySelector('#inputTextareaEval1').value);","                } catch (errorCaught) {","                    console.error(errorCaught);","                }","            }","        };","        // log stderr and stdout to #outputTextareaStdout1","        ['error', 'log'].forEach(function (key) {","            console[key + '_original'] = console[key];","            console[key] = function () {","                var element;","                console[key + '_original'].apply(console, arguments);","                element = document.querySelector('#outputTextareaStdout1');","                if (!element) {","                    return;","                }","                // append text to #outputTextareaStdout1","                element.value += Array.from(arguments).map(function (arg) {","                    return typeof arg === 'string'","                        ? arg","                        : JSON.stringify(arg, null, 4);","                }).join(' ') + '\\n';","                // scroll textarea to bottom","                element.scrollTop = element.scrollHeight;","            };","        });","        // init event-handling","        ['change', 'click', 'keyup'].forEach(function (event) {","            Array.from(document.querySelectorAll('.on' + event)).forEach(function (element) {","                element.addEventListener(event, local.testRunBrowser);","            });","        });","        // run tests","        local.testRunBrowser();","        break;","","","","    // run node js-env code - post-init","    /* istanbul ignore next */","    case 'node':","        // export local","        module.exports = local;","        // require modules","        local.fs = require('fs');","        local.http = require('http');","        local.url = require('url');","        // init assets","        local.assetsDict = local.assetsDict || {};","        /* jslint-ignore-begin */","        local.assetsDict['/assets.index.template.html'] = '\\","<!doctype html>\\n\\","<html lang=\"en\">\\n\\","<head>\\n\\","<meta charset=\"UTF-8\">\\n\\","<meta name=\"viewport\" content=\"width=device-width, initial-scale=1\">\\n\\","<title>{{env.npm_package_name}} (v{{env.npm_package_version}})</title>\\n\\","<style>\\n\\","/*csslint\\n\\","    box-sizing: false,\\n\\","    universal-selector: false\\n\\","*/\\n\\","* {\\n\\","    box-sizing: border-box;\\n\\","}\\n\\","body {\\n\\","    background: #dde;\\n\\","    font-family: Arial, Helvetica, sans-serif;\\n\\","    margin: 2rem;\\n\\","}\\n\\","body > * {\\n\\","    margin-bottom: 1rem;\\n\\","}\\n\\",".utility2FooterDiv {\\n\\","    margin-top: 20px;\\n\\","    text-align: center;\\n\\","}\\n\\","</style>\\n\\","<style>\\n\\","/*csslint\\n\\","*/\\n\\","textarea {\\n\\","    font-family: monospace;\\n\\","    height: 10rem;\\n\\","    width: 100%;\\n\\","}\\n\\","textarea[readonly] {\\n\\","    background: #ddd;\\n\\","}\\n\\","</style>\\n\\","</head>\\n\\","<body>\\n\\","<!-- utility2-comment\\n\\","<div id=\"ajaxProgressDiv1\" style=\"background: #d00; height: 2px; left: 0; margin: 0; padding: 0; position: fixed; top: 0; transition: background 0.5s, width 1.5s; width: 25%;\"></div>\\n\\","utility2-comment -->\\n\\","<h1>\\n\\","<!-- utility2-comment\\n\\","    <a\\n\\","        {{#if env.npm_package_homepage}}\\n\\","        href=\"{{env.npm_package_homepage}}\"\\n\\","        {{/if env.npm_package_homepage}}\\n\\","        target=\"_blank\"\\n\\","    >\\n\\","utility2-comment -->\\n\\","        {{env.npm_package_name}} (v{{env.npm_package_version}})\\n\\","<!-- utility2-comment\\n\\","    </a>\\n\\","utility2-comment -->\\n\\","</h1>\\n\\","<h3>{{env.npm_package_description}}</h3>\\n\\","<!-- utility2-comment\\n\\","<h4><a download href=\"assets.app.js\">download standalone app</a></h4>\\n\\","<button class=\"onclick onreset\" id=\"testRunButton1\">run internal test</button><br>\\n\\","<div id=\"testReportDiv1\" style=\"display: none;\"></div>\\n\\","utility2-comment -->\\n\\","\\n\\","\\n\\","\\n\\","<label>stderr and stdout</label>\\n\\","<textarea class=\"resettable\" id=\"outputTextareaStdout1\" readonly></textarea>\\n\\","<!-- utility2-comment\\n\\","{{#if isRollup}}\\n\\","<script src=\"assets.app.js\"></script>\\n\\","{{#unless isRollup}}\\n\\","utility2-comment -->\\n\\","<script src=\"assets.utility2.rollup.js\"></script>\\n\\","<script src=\"jsonp.utility2._stateInit?callback=window.utility2._stateInit\"></script>\\n\\","<script src=\"assets.npmtest_cmake_js.rollup.js\"></script>\\n\\","<script src=\"assets.example.js\"></script>\\n\\","<script src=\"assets.test.js\"></script>\\n\\","<!-- utility2-comment\\n\\","{{/if isRollup}}\\n\\","utility2-comment -->\\n\\","<div class=\"utility2FooterDiv\">\\n\\","    [ this app was created with\\n\\","    <a href=\"https://github.com/kaizhu256/node-utility2\" target=\"_blank\">utility2</a>\\n\\","    ]\\n\\","</div>\\n\\","</body>\\n\\","</html>\\n\\","';","        /* jslint-ignore-end */","        if (local.templateRender) {","            local.assetsDict['/'] = local.templateRender(","                local.assetsDict['/assets.index.template.html'],","                {","                    env: local.objectSetDefault(local.env, {","                        npm_package_description: 'the greatest app in the world!',","                        npm_package_name: 'my-app',","                        npm_package_nameAlias: 'my_app',","                        npm_package_version: '0.0.1'","                    })","                }","            );","        } else {","            local.assetsDict['/'] = local.assetsDict['/assets.index.template.html']","                .replace((/\\{\\{env\\.(\\w+?)\\}\\}/g), function (match0, match1) {","                    // jslint-hack","                    String(match0);","                    switch (match1) {","                    case 'npm_package_description':","                        return 'the greatest app in the world!';","                    case 'npm_package_name':","                        return 'my-app';","                    case 'npm_package_nameAlias':","                        return 'my_app';","                    case 'npm_package_version':","                        return '0.0.1';","                    }","                });","        }","        // run the cli","        if (local.global.utility2_rollup || module !== require.main) {","            break;","        }","        local.assetsDict['/assets.example.js'] =","            local.assetsDict['/assets.example.js'] ||","            local.fs.readFileSync(__filename, 'utf8');","        // bug-workaround - long $npm_package_buildCustomOrg","        /* jslint-ignore-begin */","        local.assetsDict['/assets.npmtest_cmake_js.rollup.js'] =","            local.assetsDict['/assets.npmtest_cmake_js.rollup.js'] ||","            local.fs.readFileSync(","                local.npmtest_cmake_js.__dirname + '/lib.npmtest_cmake_js.js',","                'utf8'","            ).replace((/^#!/), '//');","        /* jslint-ignore-end */","        local.assetsDict['/favicon.ico'] = local.assetsDict['/favicon.ico'] || '';","        // if $npm_config_timeout_exit exists,","        // then exit this process after $npm_config_timeout_exit ms","        if (Number(process.env.npm_config_timeout_exit)) {","            setTimeout(process.exit, Number(process.env.npm_config_timeout_exit));","        }","        // start server","        if (local.global.utility2_serverHttp1) {","            break;","        }","        process.env.PORT = process.env.PORT || '8081';","        console.error('server starting on port ' + process.env.PORT);","        local.http.createServer(function (request, response) {","            request.urlParsed = local.url.parse(request.url);","            if (local.assetsDict[request.urlParsed.pathname] !== undefined) {","                response.end(local.assetsDict[request.urlParsed.pathname]);","                return;","            }","            response.statusCode = 404;","            response.end();","        }).listen(process.env.PORT);","        break;","    }","}());",""],"l":{"26":2,"28":2,"33":2,"35":2,"37":2,"38":2,"39":2,"44":1,"51":2,"55":2,"59":2,"61":2,"69":1,"70":2,"76":2,"79":2,"82":2,"83":2,"85":1,"89":2,"92":1,"93":1,"94":1,"96":1,"97":1,"100":1,"101":1,"103":1,"106":1,"108":2,"114":1,"116":1,"118":1,"123":1,"124":2,"125":2,"126":3,"127":3,"128":3,"129":3,"130":1,"133":3,"134":3,"139":3,"143":1,"144":3,"145":1,"149":1,"150":1,"158":1,"160":1,"161":1,"162":1,"164":1,"166":1,"258":1,"259":1,"271":1,"274":6,"275":6,"277":1,"279":2,"281":1,"283":2,"288":1,"289":1,"291":1,"296":1,"303":1,"306":1,"307":1,"310":1,"311":1,"313":1,"314":1,"315":1,"316":1,"317":1,"318":1,"319":1,"321":1,"322":1,"324":1}},"/home/travis/build/npmtest/node-npmtest-cmake-js/node_modules/cmake-js/index.js":{"path":"/home/travis/build/npmtest/node-npmtest-cmake-js/node_modules/cmake-js/index.js","s":{"1":1,"2":1,"3":1,"4":1,"5":0,"6":1,"7":1,"8":0,"9":1},"b":{"1":[1,0],"2":[0,1]},"f":{},"fnMap":{},"statementMap":{"1":{"start":{"line":1,"column":0},"end":{"line":1,"column":15}},"2":{"start":{"line":2,"column":0},"end":{"line":7,"column":1}},"3":{"start":{"line":3,"column":4},"end":{"line":3,"column":29}},"4":{"start":{"line":4,"column":4},"end":{"line":4,"column":51}},"5":{"start":{"line":6,"column":4},"end":{"line":6,"column":16}},"6":{"start":{"line":9,"column":0},"end":{"line":9,"column":29}},"7":{"start":{"line":11,"column":0},"end":{"line":13,"column":1}},"8":{"start":{"line":12,"column":4},"end":{"line":12,"column":43}},"9":{"start":{"line":15,"column":0},"end":{"line":15,"column":40}}},"branchMap":{"1":{"line":9,"type":"cond-expr","locations":[{"start":{"line":9,"column":15},"end":{"line":9,"column":20}},{"start":{"line":9,"column":23},"end":{"line":9,"column":28}}]},"2":{"line":11,"type":"if","locations":[{"start":{"line":11,"column":0},"end":{"line":11,"column":0}},{"start":{"line":11,"column":0},"end":{"line":11,"column":0}}]}},"code":["var es6 = true;","try {","    eval(\"(function *(){})\");","    eval(\"var o = {['com'+'puted']: 'property'};\");","} catch (err) {","    es6 = false;","}","","var es = es6 ? \"es6\" : \"es5\";","","if (!es6) {","    require(\"traceur/bin/traceur-runtime\");","}","","module.exports = require(\"./lib/\" + es);"],"l":{"1":1,"2":1,"3":1,"4":1,"6":0,"9":1,"11":1,"12":0,"15":1}},"/home/travis/build/npmtest/node-npmtest-cmake-js/node_modules/cmake-js/lib/es6/index.js":{"path":"/home/travis/build/npmtest/node-npmtest-cmake-js/node_modules/cmake-js/lib/es6/index.js","s":{"1":1},"b":{},"f":{},"fnMap":{},"statementMap":{"1":{"start":{"line":3,"column":0},"end":{"line":14,"column":2}}},"branchMap":{},"code":["\"use strict\";","","module.exports = {","    BuildSystem: require(\"./buildSystem\"),","    CMLog: require(\"./cmLog\"),","    environment: require(\"./environment\"),","    TargetOptions: require(\"./targetOptions\"),","    Dist: require(\"./dist\"),","    CMake: require(\"./cMake\"),","    downloader: require(\"./downloader\"),","    Toolset: require(\"./toolset\"),","    processHelpers: require(\"./processHelpers\"),","    locateNAN: require(\"./locateNAN\")","};",""],"l":{"3":1}},"/home/travis/build/npmtest/node-npmtest-cmake-js/node_modules/cmake-js/lib/es6/buildSystem.js":{"path":"/home/travis/build/npmtest/node-npmtest-cmake-js/node_modules/cmake-js/lib/es6/buildSystem.js","s":{"1":1,"2":1,"3":1,"4":1,"5":1,"6":1,"7":1,"8":1,"9":1,"10":1,"11":0,"12":0,"13":0,"14":0,"15":0,"16":0,"17":0,"18":0,"19":0,"20":0,"21":0,"22":0,"23":0,"24":0,"25":0,"26":0,"27":1,"28":0,"29":0,"30":0,"31":0,"32":0,"33":1,"34":0,"35":0,"36":0,"37":1,"38":0,"39":1,"40":0,"41":0,"42":0,"43":0,"44":0,"45":1,"46":0,"47":1,"48":0,"49":1,"50":0,"51":1,"52":0,"53":1,"54":0,"55":1,"56":0,"57":1,"58":0,"59":1,"60":0,"61":1,"62":0,"63":1},"b":{"1":[0,0],"2":[0,0],"3":[0,0],"4":[0,0],"5":[0,0],"6":[0,0],"7":[0,0],"8":[0,0],"9":[0,0]},"f":{"1":0,"2":0,"3":0,"4":0,"5":0,"6":0,"7":0,"8":0,"9":0,"10":0,"11":0,"12":0,"13":0,"14":0},"fnMap":{"1":{"name":"BuildSystem","line":12,"loc":{"start":{"line":12,"column":0},"end":{"line":12,"column":30}}},"2":{"name":"(anonymous_2)","line":34,"loc":{"start":{"line":34,"column":47},"end":{"line":34,"column":60}}},"3":{"name":"(anonymous_3)","line":45,"loc":{"start":{"line":45,"column":35},"end":{"line":45,"column":48}}},"4":{"name":"(anonymous_4)","line":54,"loc":{"start":{"line":54,"column":32},"end":{"line":54,"column":44}}},"5":{"name":"(anonymous_5)","line":58,"loc":{"start":{"line":58,"column":43},"end":{"line":58,"column":62}}},"6":{"name":"(anonymous_6)","line":69,"loc":{"start":{"line":69,"column":44},"end":{"line":69,"column":56}}},"7":{"name":"(anonymous_7)","line":73,"loc":{"start":{"line":73,"column":34},"end":{"line":73,"column":46}}},"8":{"name":"(anonymous_8)","line":77,"loc":{"start":{"line":77,"column":40},"end":{"line":77,"column":52}}},"9":{"name":"(anonymous_9)","line":81,"loc":{"start":{"line":81,"column":30},"end":{"line":81,"column":42}}},"10":{"name":"(anonymous_10)","line":85,"loc":{"start":{"line":85,"column":40},"end":{"line":85,"column":52}}},"11":{"name":"(anonymous_11)","line":89,"loc":{"start":{"line":89,"column":30},"end":{"line":89,"column":42}}},"12":{"name":"(anonymous_12)","line":93,"loc":{"start":{"line":93,"column":36},"end":{"line":93,"column":48}}},"13":{"name":"(anonymous_13)","line":97,"loc":{"start":{"line":97,"column":32},"end":{"line":97,"column":44}}},"14":{"name":"(anonymous_14)","line":101,"loc":{"start":{"line":101,"column":32},"end":{"line":101,"column":44}}}},"statementMap":{"1":{"start":{"line":2,"column":0},"end":{"line":2,"column":31}},"2":{"start":{"line":3,"column":0},"end":{"line":3,"column":29}},"3":{"start":{"line":4,"column":0},"end":{"line":4,"column":31}},"4":{"start":{"line":5,"column":0},"end":{"line":5,"column":53}},"5":{"start":{"line":6,"column":0},"end":{"line":6,"column":27}},"6":{"start":{"line":7,"column":0},"end":{"line":7,"column":26}},"7":{"start":{"line":8,"column":0},"end":{"line":8,"column":35}},"8":{"start":{"line":9,"column":0},"end":{"line":9,"column":31}},"9":{"start":{"line":10,"column":0},"end":{"line":10,"column":35}},"10":{"start":{"line":12,"column":0},"end":{"line":32,"column":1}},"11":{"start":{"line":13,"column":4},"end":{"line":13,"column":33}},"12":{"start":{"line":14,"column":4},"end":{"line":14,"column":83}},"13":{"start":{"line":15,"column":4},"end":{"line":15,"column":39}},"14":{"start":{"line":16,"column":4},"end":{"line":16,"column":71}},"15":{"start":{"line":17,"column":4},"end":{"line":26,"column":5}},"16":{"start":{"line":18,"column":8},"end":{"line":25,"column":9}},"17":{"start":{"line":19,"column":12},"end":{"line":19,"column":88}},"18":{"start":{"line":20,"column":12},"end":{"line":20,"column":63}},"19":{"start":{"line":22,"column":12},"end":{"line":22,"column":77}},"20":{"start":{"line":23,"column":12},"end":{"line":23,"column":98}},"21":{"start":{"line":24,"column":12},"end":{"line":24,"column":68}},"22":{"start":{"line":27,"column":4},"end":{"line":27,"column":53}},"23":{"start":{"line":28,"column":4},"end":{"line":28,"column":58}},"24":{"start":{"line":29,"column":4},"end":{"line":29,"column":41}},"25":{"start":{"line":30,"column":4},"end":{"line":30,"column":39}},"26":{"start":{"line":31,"column":4},"end":{"line":31,"column":45}},"27":{"start":{"line":34,"column":0},"end":{"line":43,"column":3}},"28":{"start":{"line":35,"column":4},"end":{"line":42,"column":5}},"29":{"start":{"line":36,"column":8},"end":{"line":36,"column":44}},"30":{"start":{"line":37,"column":8},"end":{"line":37,"column":43}},"31":{"start":{"line":40,"column":8},"end":{"line":40,"column":27}},"32":{"start":{"line":41,"column":8},"end":{"line":41,"column":16}},"33":{"start":{"line":45,"column":0},"end":{"line":52,"column":2}},"34":{"start":{"line":46,"column":4},"end":{"line":51,"column":5}},"35":{"start":{"line":47,"column":8},"end":{"line":47,"column":39}},"36":{"start":{"line":50,"column":8},"end":{"line":50,"column":41}},"37":{"start":{"line":54,"column":0},"end":{"line":56,"column":2}},"38":{"start":{"line":55,"column":4},"end":{"line":55,"column":35}},"39":{"start":{"line":58,"column":0},"end":{"line":67,"column":3}},"40":{"start":{"line":59,"column":4},"end":{"line":66,"column":5}},"41":{"start":{"line":60,"column":8},"end":{"line":60,"column":38}},"42":{"start":{"line":61,"column":8},"end":{"line":61,"column":42}},"43":{"start":{"line":64,"column":8},"end":{"line":64,"column":27}},"44":{"start":{"line":65,"column":8},"end":{"line":65,"column":16}},"45":{"start":{"line":69,"column":0},"end":{"line":71,"column":2}},"46":{"start":{"line":70,"column":4},"end":{"line":70,"column":52}},"47":{"start":{"line":73,"column":0},"end":{"line":75,"column":2}},"48":{"start":{"line":74,"column":4},"end":{"line":74,"column":42}},"49":{"start":{"line":77,"column":0},"end":{"line":79,"column":2}},"50":{"start":{"line":78,"column":4},"end":{"line":78,"column":48}},"51":{"start":{"line":81,"column":0},"end":{"line":83,"column":2}},"52":{"start":{"line":82,"column":4},"end":{"line":82,"column":38}},"53":{"start":{"line":85,"column":0},"end":{"line":87,"column":2}},"54":{"start":{"line":86,"column":4},"end":{"line":86,"column":48}},"55":{"start":{"line":89,"column":0},"end":{"line":91,"column":2}},"56":{"start":{"line":90,"column":4},"end":{"line":90,"column":38}},"57":{"start":{"line":93,"column":0},"end":{"line":95,"column":2}},"58":{"start":{"line":94,"column":4},"end":{"line":94,"column":44}},"59":{"start":{"line":97,"column":0},"end":{"line":99,"column":2}},"60":{"start":{"line":98,"column":4},"end":{"line":98,"column":40}},"61":{"start":{"line":101,"column":0},"end":{"line":103,"column":2}},"62":{"start":{"line":102,"column":4},"end":{"line":102,"column":40}},"63":{"start":{"line":105,"column":0},"end":{"line":105,"column":29}}},"branchMap":{"1":{"line":13,"type":"binary-expr","locations":[{"start":{"line":13,"column":19},"end":{"line":13,"column":26}},{"start":{"line":13,"column":30},"end":{"line":13,"column":32}}]},"2":{"line":14,"type":"binary-expr","locations":[{"start":{"line":14,"column":42},"end":{"line":14,"column":64}},{"start":{"line":14,"column":68},"end":{"line":14,"column":81}}]},"3":{"line":17,"type":"if","locations":[{"start":{"line":17,"column":4},"end":{"line":17,"column":4}},{"start":{"line":17,"column":4},"end":{"line":17,"column":4}}]},"4":{"line":18,"type":"if","locations":[{"start":{"line":18,"column":8},"end":{"line":18,"column":8}},{"start":{"line":18,"column":8},"end":{"line":18,"column":8}}]},"5":{"line":22,"type":"binary-expr","locations":[{"start":{"line":22,"column":35},"end":{"line":22,"column":55}},{"start":{"line":22,"column":59},"end":{"line":22,"column":76}}]},"6":{"line":23,"type":"binary-expr","locations":[{"start":{"line":23,"column":42},"end":{"line":23,"column":69}},{"start":{"line":23,"column":73},"end":{"line":23,"column":97}}]},"7":{"line":24,"type":"binary-expr","locations":[{"start":{"line":24,"column":32},"end":{"line":24,"column":49}},{"start":{"line":24,"column":53},"end":{"line":24,"column":67}}]},"8":{"line":46,"type":"if","locations":[{"start":{"line":46,"column":4},"end":{"line":46,"column":4}},{"start":{"line":46,"column":4},"end":{"line":46,"column":4}}]},"9":{"line":46,"type":"binary-expr","locations":[{"start":{"line":46,"column":8},"end":{"line":46,"column":36}},{"start":{"line":46,"column":40},"end":{"line":46,"column":66}}]}},"code":["\"use strict\";","let CMake = require(\"./cMake\");","let Dist = require(\"./dist\");","let CMLog = require(\"./cmLog\");","let appCMakeJSConfig = require(\"./appCMakeJSConfig\");","let path = require(\"path\");","let _ = require(\"lodash\");","let Bluebird = require(\"bluebird\");","let async = Bluebird.coroutine;","let Toolset = require(\"./toolset\");","","function BuildSystem(options) {","    this.options = options || {};","    this.options.directory = path.resolve(this.options.directory || process.cwd());","    this.log = new CMLog(this.options);","    let appConfig = appCMakeJSConfig(this.options.directory, this.log);","    if (_.isPlainObject(appConfig)) {","        if (_.keys(appConfig).length) {","            this.log.verbose(\"CFG\", \"Applying CMake.js config from root package.json:\");","            this.log.verbose(\"CFG\", JSON.stringify(appConfig));","            // Applying applications's config, if there is no explicit runtime related options specified","            this.options.runtime = this.options.runtime || appConfig.runtime;","            this.options.runtimeVersion = this.options.runtimeVersion || appConfig.runtimeVersion;","            this.options.arch = this.options.arch || appConfig.arch;","        }","    }","    this.log.verbose(\"CFG\", \"Build system options:\");","    this.log.verbose(\"CFG\", JSON.stringify(this.options));","    this.cmake = new CMake(this.options);","    this.dist = new Dist(this.options);","    this.toolset = new Toolset(this.options);","}","","BuildSystem.prototype._ensureInstalled = async(function* () {","    try {","        yield this.toolset.initialize(true);","        yield this.dist.ensureDownloaded();","    }","    catch (e) {","        this._showError(e);","        throw e;","    }","});","","BuildSystem.prototype._showError = function (e) {","    if (this.log.level === \"verbose\" || this.log.level === \"silly\") {","        this.log.error(\"OMG\", e.stack);","    }","    else {","        this.log.error(\"OMG\", e.message);","    }","};","","BuildSystem.prototype.install = function () {","    return this._ensureInstalled();","};","","BuildSystem.prototype._invokeCMake = async(function* (method) {","    try {","        yield this._ensureInstalled();","        return yield this.cmake[method]();","    }","    catch (e) {","        this._showError(e);","        throw e;","    }","});","","BuildSystem.prototype.getConfigureCommand = function () {","    return this._invokeCMake(\"getConfigureCommand\");","};","","BuildSystem.prototype.configure = function () {","    return this._invokeCMake(\"configure\");","};","","BuildSystem.prototype.getBuildCommand = function () {","    return this._invokeCMake(\"getBuildCommand\");","};","","BuildSystem.prototype.build = function () {","    return this._invokeCMake(\"build\");","};","","BuildSystem.prototype.getCleanCommand = function () {","    return this._invokeCMake(\"getCleanCommand\");","};","","BuildSystem.prototype.clean = function () {","    return this._invokeCMake(\"clean\");","};","","BuildSystem.prototype.reconfigure = function () {","    return this._invokeCMake(\"reconfigure\");","};","","BuildSystem.prototype.rebuild = function () {","    return this._invokeCMake(\"rebuild\");","};","","BuildSystem.prototype.compile = function () {","    return this._invokeCMake(\"compile\");","};","","module.exports = BuildSystem;",""],"l":{"2":1,"3":1,"4":1,"5":1,"6":1,"7":1,"8":1,"9":1,"10":1,"12":1,"13":0,"14":0,"15":0,"16":0,"17":0,"18":0,"19":0,"20":0,"22":0,"23":0,"24":0,"27":0,"28":0,"29":0,"30":0,"31":0,"34":1,"35":0,"36":0,"37":0,"40":0,"41":0,"45":1,"46":0,"47":0,"50":0,"54":1,"55":0,"58":1,"59":0,"60":0,"61":0,"64":0,"65":0,"69":1,"70":0,"73":1,"74":0,"77":1,"78":0,"81":1,"82":0,"85":1,"86":0,"89":1,"90":0,"93":1,"94":0,"97":1,"98":0,"101":1,"102":0,"105":1}},"/home/travis/build/npmtest/node-npmtest-cmake-js/node_modules/cmake-js/lib/es6/cMake.js":{"path":"/home/travis/build/npmtest/node-npmtest-cmake-js/node_modules/cmake-js/lib/es6/cMake.js","s":{"1":1,"2":1,"3":1,"4":1,"5":1,"6":1,"7":1,"8":1,"9":1,"10":1,"11":1,"12":1,"13":1,"14":1,"15":1,"16":1,"17":1,"18":0,"19":0,"20":0,"21":0,"22":0,"23":0,"24":0,"25":0,"26":0,"27":0,"28":0,"29":0,"30":1,"31":0,"32":0,"33":0,"34":0,"35":1,"36":0,"37":0,"38":0,"39":0,"40":0,"41":0,"42":0,"43":0,"44":0,"45":1,"46":0,"47":0,"48":0,"49":0,"50":0,"51":0,"52":0,"53":0,"54":0,"55":0,"56":0,"57":0,"58":0,"59":0,"60":0,"61":0,"62":0,"63":0,"64":0,"65":1,"66":0,"67":1,"68":0,"69":0,"70":1,"71":0,"72":0,"73":0,"74":0,"75":0,"76":0,"77":0,"78":0,"79":0,"80":0,"81":0,"82":0,"83":0,"84":0,"85":0,"86":0,"87":0,"88":0,"89":0,"90":0,"91":0,"92":0,"93":0,"94":0,"95":0,"96":0,"97":0,"98":0,"99":0,"100":0,"101":0,"102":0,"103":0,"104":0,"105":0,"106":0,"107":0,"108":0,"109":0,"110":0,"111":0,"112":0,"113":0,"114":0,"115":0,"116":0,"117":0,"118":0,"119":0,"120":0,"121":0,"122":0,"123":0,"124":0,"125":0,"126":0,"127":0,"128":0,"129":0,"130":1,"131":0,"132":0,"133":0,"134":0,"135":0,"136":0,"137":0,"138":0,"139":0,"140":0,"141":0,"142":0,"143":0,"144":0,"145":0,"146":1,"147":0,"148":0,"149":0,"150":0,"151":1,"152":0,"153":1,"154":0,"155":0,"156":0,"157":0,"158":0,"159":1,"160":0,"161":1,"162":0,"163":0,"164":0,"165":1,"166":0,"167":0,"168":1,"169":0,"170":0,"171":1,"172":0,"173":0,"174":0,"175":0,"176":0,"177":1,"178":0,"179":0,"180":1},"b":{"1":[0,0],"2":[0,0],"3":[0,0],"4":[0,0],"5":[0,0],"6":[0,0],"7":[0,0],"8":[0,0],"9":[0,0],"10":[0,0],"11":[0,0],"12":[0,0],"13":[0,0],"14":[0,0],"15":[0,0],"16":[0,0,0,0,0],"17":[0,0],"18":[0,0],"19":[0,0],"20":[0,0],"21":[0,0],"22":[0,0],"23":[0,0],"24":[0,0],"25":[0,0],"26":[0,0],"27":[0,0],"28":[0,0],"29":[0,0],"30":[0,0],"31":[0,0],"32":[0,0],"33":[0,0],"34":[0,0],"35":[0,0],"36":[0,0],"37":[0,0]},"f":{"1":0,"2":0,"3":0,"4":0,"5":0,"6":0,"7":0,"8":0,"9":0,"10":0,"11":0,"12":0,"13":0,"14":0,"15":0,"16":0,"17":0,"18":0,"19":0,"20":0},"fnMap":{"1":{"name":"CMake","line":19,"loc":{"start":{"line":19,"column":0},"end":{"line":19,"column":24}}},"2":{"name":"(anonymous_2)","line":36,"loc":{"start":{"line":36,"column":13},"end":{"line":36,"column":25}}},"3":{"name":"(anonymous_3)","line":41,"loc":{"start":{"line":41,"column":13},"end":{"line":41,"column":25}}},"4":{"name":"(anonymous_4)","line":50,"loc":{"start":{"line":50,"column":20},"end":{"line":50,"column":39}}},"5":{"name":"(anonymous_5)","line":68,"loc":{"start":{"line":68,"column":28},"end":{"line":68,"column":48}}},"6":{"name":"(anonymous_6)","line":77,"loc":{"start":{"line":77,"column":23},"end":{"line":77,"column":42}}},"7":{"name":"(anonymous_7)","line":97,"loc":{"start":{"line":97,"column":32},"end":{"line":97,"column":44}}},"8":{"name":"(anonymous_8)","line":101,"loc":{"start":{"line":101,"column":36},"end":{"line":101,"column":48}}},"9":{"name":"(anonymous_9)","line":107,"loc":{"start":{"line":107,"column":44},"end":{"line":107,"column":57}}},"10":{"name":"(anonymous_10)","line":211,"loc":{"start":{"line":211,"column":14},"end":{"line":211,"column":27}}},"11":{"name":"(anonymous_11)","line":218,"loc":{"start":{"line":218,"column":34},"end":{"line":218,"column":47}}},"12":{"name":"(anonymous_12)","line":249,"loc":{"start":{"line":249,"column":41},"end":{"line":249,"column":54}}},"13":{"name":"(anonymous_13)","line":259,"loc":{"start":{"line":259,"column":34},"end":{"line":259,"column":46}}},"14":{"name":"(anonymous_14)","line":263,"loc":{"start":{"line":263,"column":30},"end":{"line":263,"column":43}}},"15":{"name":"(anonymous_15)","line":272,"loc":{"start":{"line":272,"column":34},"end":{"line":272,"column":46}}},"16":{"name":"(anonymous_16)","line":276,"loc":{"start":{"line":276,"column":24},"end":{"line":276,"column":36}}},"17":{"name":"(anonymous_17)","line":283,"loc":{"start":{"line":283,"column":36},"end":{"line":283,"column":49}}},"18":{"name":"(anonymous_18)","line":288,"loc":{"start":{"line":288,"column":32},"end":{"line":288,"column":45}}},"19":{"name":"(anonymous_19)","line":293,"loc":{"start":{"line":293,"column":32},"end":{"line":293,"column":45}}},"20":{"name":"(anonymous_20)","line":304,"loc":{"start":{"line":304,"column":23},"end":{"line":304,"column":42}}}},"statementMap":{"1":{"start":{"line":2,"column":0},"end":{"line":2,"column":37}},"2":{"start":{"line":3,"column":0},"end":{"line":3,"column":29}},"3":{"start":{"line":4,"column":0},"end":{"line":4,"column":35}},"4":{"start":{"line":5,"column":0},"end":{"line":5,"column":52}},"5":{"start":{"line":6,"column":0},"end":{"line":6,"column":27}},"6":{"start":{"line":7,"column":0},"end":{"line":7,"column":26}},"7":{"start":{"line":8,"column":0},"end":{"line":8,"column":43}},"8":{"start":{"line":9,"column":0},"end":{"line":9,"column":29}},"9":{"start":{"line":10,"column":0},"end":{"line":10,"column":31}},"10":{"start":{"line":11,"column":0},"end":{"line":11,"column":37}},"11":{"start":{"line":12,"column":0},"end":{"line":12,"column":47}},"12":{"start":{"line":13,"column":0},"end":{"line":13,"column":49}},"13":{"start":{"line":14,"column":0},"end":{"line":14,"column":39}},"14":{"start":{"line":15,"column":0},"end":{"line":15,"column":56}},"15":{"start":{"line":16,"column":0},"end":{"line":16,"column":31}},"16":{"start":{"line":17,"column":0},"end":{"line":17,"column":35}},"17":{"start":{"line":19,"column":0},"end":{"line":32,"column":1}},"18":{"start":{"line":20,"column":4},"end":{"line":20,"column":33}},"19":{"start":{"line":21,"column":4},"end":{"line":21,"column":39}},"20":{"start":{"line":22,"column":4},"end":{"line":22,"column":39}},"21":{"start":{"line":23,"column":4},"end":{"line":23,"column":77}},"22":{"start":{"line":24,"column":4},"end":{"line":24,"column":76}},"23":{"start":{"line":25,"column":4},"end":{"line":25,"column":59}},"24":{"start":{"line":26,"column":4},"end":{"line":26,"column":57}},"25":{"start":{"line":27,"column":4},"end":{"line":27,"column":29}},"26":{"start":{"line":28,"column":4},"end":{"line":28,"column":57}},"27":{"start":{"line":29,"column":4},"end":{"line":29,"column":45}},"28":{"start":{"line":30,"column":4},"end":{"line":30,"column":56}},"29":{"start":{"line":31,"column":4},"end":{"line":31,"column":35}},"30":{"start":{"line":34,"column":0},"end":{"line":48,"column":3}},"31":{"start":{"line":37,"column":12},"end":{"line":37,"column":53}},"32":{"start":{"line":42,"column":12},"end":{"line":44,"column":13}},"33":{"start":{"line":43,"column":16},"end":{"line":43,"column":68}},"34":{"start":{"line":45,"column":12},"end":{"line":45,"column":37}},"35":{"start":{"line":50,"column":0},"end":{"line":66,"column":2}},"36":{"start":{"line":51,"column":4},"end":{"line":51,"column":28}},"37":{"start":{"line":52,"column":4},"end":{"line":64,"column":5}},"38":{"start":{"line":53,"column":8},"end":{"line":60,"column":9}},"39":{"start":{"line":54,"column":12},"end":{"line":54,"column":55}},"40":{"start":{"line":55,"column":12},"end":{"line":55,"column":39}},"41":{"start":{"line":58,"column":12},"end":{"line":58,"column":32}},"42":{"start":{"line":59,"column":12},"end":{"line":59,"column":24}},"43":{"start":{"line":63,"column":8},"end":{"line":63,"column":18}},"44":{"start":{"line":65,"column":4},"end":{"line":65,"column":17}},"45":{"start":{"line":68,"column":0},"end":{"line":95,"column":3}},"46":{"start":{"line":69,"column":4},"end":{"line":69,"column":25}},"47":{"start":{"line":70,"column":4},"end":{"line":70,"column":28}},"48":{"start":{"line":71,"column":4},"end":{"line":71,"column":18}},"49":{"start":{"line":72,"column":4},"end":{"line":93,"column":5}},"50":{"start":{"line":73,"column":8},"end":{"line":73,"column":91}},"51":{"start":{"line":74,"column":8},"end":{"line":74,"column":44}},"52":{"start":{"line":75,"column":8},"end":{"line":75,"column":71}},"53":{"start":{"line":76,"column":8},"end":{"line":76,"column":23}},"54":{"start":{"line":77,"column":8},"end":{"line":92,"column":11}},"55":{"start":{"line":78,"column":12},"end":{"line":88,"column":13}},"56":{"start":{"line":79,"column":16},"end":{"line":79,"column":44}},"57":{"start":{"line":80,"column":16},"end":{"line":87,"column":17}},"58":{"start":{"line":82,"column":20},"end":{"line":82,"column":46}},"59":{"start":{"line":83,"column":20},"end":{"line":85,"column":21}},"60":{"start":{"line":84,"column":24},"end":{"line":84,"column":70}},"61":{"start":{"line":86,"column":20},"end":{"line":86,"column":35}},"62":{"start":{"line":89,"column":12},"end":{"line":91,"column":13}},"63":{"start":{"line":90,"column":16},"end":{"line":90,"column":26}},"64":{"start":{"line":94,"column":4},"end":{"line":94,"column":16}},"65":{"start":{"line":97,"column":0},"end":{"line":99,"column":2}},"66":{"start":{"line":98,"column":4},"end":{"line":98,"column":45}},"67":{"start":{"line":101,"column":0},"end":{"line":105,"column":2}},"68":{"start":{"line":102,"column":4},"end":{"line":104,"column":5}},"69":{"start":{"line":103,"column":8},"end":{"line":103,"column":170}},"70":{"start":{"line":107,"column":0},"end":{"line":216,"column":3}},"71":{"start":{"line":109,"column":4},"end":{"line":109,"column":28}},"72":{"start":{"line":110,"column":4},"end":{"line":110,"column":68}},"73":{"start":{"line":112,"column":4},"end":{"line":112,"column":15}},"74":{"start":{"line":115,"column":4},"end":{"line":115,"column":60}},"75":{"start":{"line":118,"column":4},"end":{"line":118,"column":46}},"76":{"start":{"line":119,"column":4},"end":{"line":124,"column":2}},"77":{"start":{"line":120,"column":2},"end":{"line":120,"column":59}},"78":{"start":{"line":123,"column":2},"end":{"line":123,"column":60}},"79":{"start":{"line":127,"column":4},"end":{"line":127,"column":17}},"80":{"start":{"line":128,"column":4},"end":{"line":136,"column":5}},"81":{"start":{"line":129,"column":8},"end":{"line":129,"column":72}},"82":{"start":{"line":132,"column":8},"end":{"line":132,"column":62}},"83":{"start":{"line":133,"column":8},"end":{"line":133,"column":72}},"84":{"start":{"line":134,"column":8},"end":{"line":134,"column":72}},"85":{"start":{"line":135,"column":8},"end":{"line":135,"column":37}},"86":{"start":{"line":139,"column":4},"end":{"line":139,"column":49}},"87":{"start":{"line":140,"column":4},"end":{"line":142,"column":5}},"88":{"start":{"line":141,"column":8},"end":{"line":141,"column":28}},"89":{"start":{"line":145,"column":4},"end":{"line":145,"column":49}},"90":{"start":{"line":148,"column":4},"end":{"line":148,"column":57}},"91":{"start":{"line":149,"column":4},"end":{"line":149,"column":71}},"92":{"start":{"line":150,"column":4},"end":{"line":150,"column":51}},"93":{"start":{"line":152,"column":4},"end":{"line":158,"column":5}},"94":{"start":{"line":154,"column":8},"end":{"line":154,"column":37}},"95":{"start":{"line":155,"column":8},"end":{"line":157,"column":9}},"96":{"start":{"line":156,"column":12},"end":{"line":156,"column":53}},"97":{"start":{"line":161,"column":4},"end":{"line":163,"column":5}},"98":{"start":{"line":162,"column":8},"end":{"line":162,"column":58}},"99":{"start":{"line":166,"column":4},"end":{"line":166,"column":41}},"100":{"start":{"line":168,"column":4},"end":{"line":170,"column":5}},"101":{"start":{"line":169,"column":8},"end":{"line":169,"column":59}},"102":{"start":{"line":171,"column":4},"end":{"line":173,"column":5}},"103":{"start":{"line":172,"column":8},"end":{"line":172,"column":69}},"104":{"start":{"line":174,"column":4},"end":{"line":176,"column":5}},"105":{"start":{"line":175,"column":8},"end":{"line":175,"column":65}},"106":{"start":{"line":177,"column":4},"end":{"line":179,"column":5}},"107":{"start":{"line":178,"column":8},"end":{"line":178,"column":74}},"108":{"start":{"line":180,"column":4},"end":{"line":182,"column":5}},"109":{"start":{"line":181,"column":8},"end":{"line":181,"column":82}},"110":{"start":{"line":183,"column":4},"end":{"line":185,"column":5}},"111":{"start":{"line":184,"column":8},"end":{"line":184,"column":62}},"112":{"start":{"line":188,"column":4},"end":{"line":188,"column":46}},"113":{"start":{"line":189,"column":4},"end":{"line":189,"column":27}},"114":{"start":{"line":190,"column":4},"end":{"line":192,"column":5}},"115":{"start":{"line":191,"column":8},"end":{"line":191,"column":63}},"116":{"start":{"line":193,"column":4},"end":{"line":195,"column":5}},"117":{"start":{"line":194,"column":8},"end":{"line":194,"column":61}},"118":{"start":{"line":196,"column":4},"end":{"line":208,"column":5}},"119":{"start":{"line":197,"column":8},"end":{"line":197,"column":37}},"120":{"start":{"line":198,"column":8},"end":{"line":207,"column":9}},"121":{"start":{"line":199,"column":12},"end":{"line":199,"column":23}},"122":{"start":{"line":200,"column":12},"end":{"line":200,"column":36}},"123":{"start":{"line":201,"column":12},"end":{"line":206,"column":13}},"124":{"start":{"line":202,"column":16},"end":{"line":202,"column":43}},"125":{"start":{"line":203,"column":16},"end":{"line":205,"column":17}},"126":{"start":{"line":204,"column":20},"end":{"line":204,"column":30}},"127":{"start":{"line":210,"column":4},"end":{"line":213,"column":21}},"128":{"start":{"line":212,"column":12},"end":{"line":212,"column":71}},"129":{"start":{"line":215,"column":4},"end":{"line":215,"column":19}},"130":{"start":{"line":218,"column":0},"end":{"line":247,"column":3}},"131":{"start":{"line":219,"column":4},"end":{"line":219,"column":29}},"132":{"start":{"line":221,"column":4},"end":{"line":221,"column":38}},"133":{"start":{"line":222,"column":4},"end":{"line":222,"column":65}},"134":{"start":{"line":223,"column":4},"end":{"line":223,"column":51}},"135":{"start":{"line":225,"column":4},"end":{"line":230,"column":5}},"136":{"start":{"line":226,"column":8},"end":{"line":226,"column":38}},"137":{"start":{"line":229,"column":8},"end":{"line":229,"column":57}},"138":{"start":{"line":232,"column":4},"end":{"line":237,"column":5}},"139":{"start":{"line":233,"column":8},"end":{"line":233,"column":42}},"140":{"start":{"line":236,"column":8},"end":{"line":236,"column":18}},"141":{"start":{"line":239,"column":4},"end":{"line":239,"column":28}},"142":{"start":{"line":240,"column":4},"end":{"line":240,"column":32}},"143":{"start":{"line":241,"column":4},"end":{"line":246,"column":5}},"144":{"start":{"line":242,"column":8},"end":{"line":242,"column":33}},"145":{"start":{"line":245,"column":8},"end":{"line":245,"column":27}},"146":{"start":{"line":249,"column":0},"end":{"line":257,"column":3}},"147":{"start":{"line":250,"column":4},"end":{"line":256,"column":5}},"148":{"start":{"line":251,"column":8},"end":{"line":251,"column":71}},"149":{"start":{"line":254,"column":8},"end":{"line":254,"column":18}},"150":{"start":{"line":255,"column":8},"end":{"line":255,"column":31}},"151":{"start":{"line":259,"column":0},"end":{"line":261,"column":2}},"152":{"start":{"line":260,"column":4},"end":{"line":260,"column":101}},"153":{"start":{"line":263,"column":0},"end":{"line":270,"column":3}},"154":{"start":{"line":264,"column":4},"end":{"line":264,"column":29}},"155":{"start":{"line":266,"column":4},"end":{"line":266,"column":34}},"156":{"start":{"line":267,"column":4},"end":{"line":267,"column":52}},"157":{"start":{"line":268,"column":4},"end":{"line":268,"column":34}},"158":{"start":{"line":269,"column":4},"end":{"line":269,"column":34}},"159":{"start":{"line":272,"column":0},"end":{"line":274,"column":2}},"160":{"start":{"line":273,"column":4},"end":{"line":273,"column":71}},"161":{"start":{"line":276,"column":0},"end":{"
[...]
0,"224":0,"225":0,"227":0,"228":0,"229":0,"231":0,"232":0,"233":0,"234":0,"235":0,"236":0,"237":0,"239":0,"240":0,"241":0,"243":0,"244":0,"245":0,"247":0,"248":0,"250":0,"251":0,"252":0,"254":0,"255":0,"256":0,"258":0,"259":0,"260":0,"262":0,"263":0,"265":0,"266":0,"267":0,"269":0,"270":0,"272":0,"273":0,"274":0,"275":0,"277":0,"278":0,"280":0,"281":0,"282":0,"284":0,"285":0,"287":0,"288":0,"289":0,"290":0,"292":0,"293":0,"294":0,"295":0,"297":0,"298":0,"299":0,"300":0,"301":0,"303":0,"304":0,"305":0,"306":0,"307":0,"309":0,"310":0,"311":0,"313":0,"314":0,"315":0,"318":0,"319":0,"322":0,"323":0,"325":0,"326":0,"327":0,"329":0,"330":0,"332":0,"336":0}},"/home/travis/build/npmtest/node-npmtest-cmake-js/node_modules/cmake-js/lib/es5/vsDetect.js":{"path":"/home/travis/build/npmtest/node-npmtest-cmake-js/node_modules/cmake-js/lib/es5/vsDetect.js","s":{"1":4,"2":4,"3":4,"4":4,"5":4,"6":0,"7":0,"8":0,"9":0,"10":0,"11":0,"12":0,"13":0,"14":0,"15":0,"16":0,"17":0,"18":0,"19":0,"20":0,"21":0,"22":0,"23":0,"24":0,"25":0,"26":0,"27":0,"28":0,"29":0,"30":0,"31":0,"32":0,"33":0,"34":0,"35":0,"36":0,"37":0,"38":0,"39":0,"40":0,"41":0,"42":0,"43":0,"44":0,"45":0,"46":0,"47":0,"48":0,"49":0,"50":0,"51":0,"52":0,"53":0,"54":0,"55":0,"56":0,"57":0,"58":0,"59":0,"60":0,"61":0,"62":0,"63":0,"64":0,"65":0,"66":0,"67":0,"68":0,"69":0,"70":0,"71":0,"72":0,"73":0,"74":0,"75":0,"76":0,"77":0,"78":0,"79":0,"80":0,"81":0,"82":0,"83":0,"84":0,"85":0,"86":0,"87":0,"88":0,"89":0,"90":0,"91":0,"92":0,"93":0,"94":0,"95":0,"96":0,"97":0,"98":0,"99":0,"100":0,"101":0,"102":0,"103":0,"104":0,"105":0,"106":0,"107":0,"108":0,"109":0,"110":0,"111":0,"112":0,"113":0,"114":0,"115":0,"116":0},"b":{"1":[0,0,0,0,0,0,0,0,0,0,0],"2":[0,0],"3":[0,0,0,0,0,0,0,0,0,0],"4":[0,0],"5":[0,0,0,0,0,0,0,0,0,0,0,0,0],"6":[0,0],"7":[0,0]},"f":{"1":0,"2":0,"3":0,"4":0,"5":0,"6":0,"7":0},"fnMap":{"1":{"name":"$__1","line":7,"loc":{"start":{"line":7,"column":59},"end":{"line":7,"column":82}}},"2":{"name":"(anonymous_2)","line":15,"loc":{"start":{"line":15,"column":51},"end":{"line":15,"column":66}}},"3":{"name":"$__9","line":62,"loc":{"start":{"line":62,"column":70},"end":{"line":62,"column":93}}},"4":{"name":"(anonymous_4)","line":68,"loc":{"start":{"line":68,"column":51},"end":{"line":68,"column":66}}},"5":{"name":"$__10","line":115,"loc":{"start":{"line":115,"column":62},"end":{"line":115,"column":86}}},"6":{"name":"(anonymous_6)","line":120,"loc":{"start":{"line":120,"column":51},"end":{"line":120,"column":66}}},"7":{"name":"(anonymous_7)","line":142,"loc":{"start":{"line":142,"column":48},"end":{"line":142,"column":63}}}},"statementMap":{"1":{"start":{"line":2,"column":0},"end":{"line":2,"column":49}},"2":{"start":{"line":3,"column":0},"end":{"line":3,"column":35}},"3":{"start":{"line":4,"column":0},"end":{"line":4,"column":31}},"4":{"start":{"line":5,"column":0},"end":{"line":5,"column":26}},"5":{"start":{"line":6,"column":0},"end":{"line":177,"column":2}},"6":{"start":{"line":8,"column":4},"end":{"line":14,"column":13}},"7":{"start":{"line":15,"column":4},"end":{"line":60,"column":19}},"8":{"start":{"line":16,"column":6},"end":{"line":59,"column":9}},"9":{"start":{"line":17,"column":8},"end":{"line":59,"column":9}},"10":{"start":{"line":19,"column":12},"end":{"line":19,"column":39}},"11":{"start":{"line":20,"column":12},"end":{"line":20,"column":44}},"12":{"start":{"line":21,"column":12},"end":{"line":21,"column":28}},"13":{"start":{"line":22,"column":12},"end":{"line":22,"column":18}},"14":{"start":{"line":24,"column":12},"end":{"line":24,"column":27}},"15":{"start":{"line":25,"column":12},"end":{"line":25,"column":24}},"16":{"start":{"line":27,"column":12},"end":{"line":27,"column":29}},"17":{"start":{"line":28,"column":12},"end":{"line":28,"column":27}},"18":{"start":{"line":29,"column":12},"end":{"line":29,"column":18}},"19":{"start":{"line":31,"column":12},"end":{"line":31,"column":41}},"20":{"start":{"line":32,"column":12},"end":{"line":32,"column":18}},"21":{"start":{"line":34,"column":12},"end":{"line":34,"column":24}},"22":{"start":{"line":35,"column":12},"end":{"line":35,"column":28}},"23":{"start":{"line":36,"column":12},"end":{"line":36,"column":18}},"24":{"start":{"line":38,"column":12},"end":{"line":38,"column":47}},"25":{"start":{"line":39,"column":12},"end":{"line":39,"column":44}},"26":{"start":{"line":40,"column":12},"end":{"line":40,"column":28}},"27":{"start":{"line":41,"column":12},"end":{"line":41,"column":18}},"28":{"start":{"line":43,"column":12},"end":{"line":43,"column":27}},"29":{"start":{"line":44,"column":12},"end":{"line":44,"column":24}},"30":{"start":{"line":46,"column":12},"end":{"line":46,"column":29}},"31":{"start":{"line":47,"column":12},"end":{"line":47,"column":27}},"32":{"start":{"line":48,"column":12},"end":{"line":48,"column":18}},"33":{"start":{"line":50,"column":12},"end":{"line":50,"column":24}},"34":{"start":{"line":51,"column":12},"end":{"line":51,"column":28}},"35":{"start":{"line":52,"column":12},"end":{"line":52,"column":18}},"36":{"start":{"line":54,"column":12},"end":{"line":54,"column":36}},"37":{"start":{"line":55,"column":12},"end":{"line":55,"column":28}},"38":{"start":{"line":56,"column":12},"end":{"line":56,"column":18}},"39":{"start":{"line":58,"column":12},"end":{"line":58,"column":30}},"40":{"start":{"line":63,"column":4},"end":{"line":67,"column":10}},"41":{"start":{"line":68,"column":4},"end":{"line":113,"column":19}},"42":{"start":{"line":69,"column":6},"end":{"line":112,"column":9}},"43":{"start":{"line":70,"column":8},"end":{"line":112,"column":9}},"44":{"start":{"line":72,"column":12},"end":{"line":72,"column":44}},"45":{"start":{"line":73,"column":12},"end":{"line":73,"column":123}},"46":{"start":{"line":74,"column":12},"end":{"line":74,"column":50}},"47":{"start":{"line":75,"column":12},"end":{"line":75,"column":28}},"48":{"start":{"line":76,"column":12},"end":{"line":76,"column":18}},"49":{"start":{"line":78,"column":12},"end":{"line":78,"column":34}},"50":{"start":{"line":79,"column":12},"end":{"line":79,"column":28}},"51":{"start":{"line":80,"column":12},"end":{"line":80,"column":18}},"52":{"start":{"line":82,"column":12},"end":{"line":82,"column":27}},"53":{"start":{"line":83,"column":12},"end":{"line":83,"column":48}},"54":{"start":{"line":85,"column":12},"end":{"line":85,"column":31}},"55":{"start":{"line":86,"column":12},"end":{"line":86,"column":27}},"56":{"start":{"line":87,"column":12},"end":{"line":87,"column":18}},"57":{"start":{"line":89,"column":12},"end":{"line":89,"column":74}},"58":{"start":{"line":90,"column":12},"end":{"line":90,"column":28}},"59":{"start":{"line":91,"column":12},"end":{"line":91,"column":18}},"60":{"start":{"line":93,"column":12},"end":{"line":93,"column":26}},"61":{"start":{"line":94,"column":12},"end":{"line":94,"column":28}},"62":{"start":{"line":95,"column":12},"end":{"line":95,"column":18}},"63":{"start":{"line":97,"column":12},"end":{"line":97,"column":26}},"64":{"start":{"line":98,"column":12},"end":{"line":98,"column":36}},"65":{"start":{"line":99,"column":12},"end":{"line":99,"column":37}},"66":{"start":{"line":100,"column":12},"end":{"line":100,"column":28}},"67":{"start":{"line":101,"column":12},"end":{"line":101,"column":18}},"68":{"start":{"line":103,"column":12},"end":{"line":103,"column":22}},"69":{"start":{"line":104,"column":12},"end":{"line":104,"column":28}},"70":{"start":{"line":105,"column":12},"end":{"line":105,"column":18}},"71":{"start":{"line":107,"column":12},"end":{"line":107,"column":37}},"72":{"start":{"line":108,"column":12},"end":{"line":108,"column":28}},"73":{"start":{"line":109,"column":12},"end":{"line":109,"column":18}},"74":{"start":{"line":111,"column":12},"end":{"line":111,"column":30}},"75":{"start":{"line":116,"column":4},"end":{"line":119,"column":10}},"76":{"start":{"line":120,"column":4},"end":{"line":175,"column":20}},"77":{"start":{"line":121,"column":6},"end":{"line":174,"column":9}},"78":{"start":{"line":122,"column":8},"end":{"line":174,"column":9}},"79":{"start":{"line":124,"column":12},"end":{"line":124,"column":95}},"80":{"start":{"line":125,"column":12},"end":{"line":125,"column":28}},"81":{"start":{"line":126,"column":12},"end":{"line":126,"column":18}},"82":{"start":{"line":128,"column":12},"end":{"line":128,"column":35}},"83":{"start":{"line":129,"column":12},"end":{"line":129,"column":28}},"84":{"start":{"line":130,"column":12},"end":{"line":130,"column":18}},"85":{"start":{"line":132,"column":12},"end":{"line":132,"column":27}},"86":{"start":{"line":133,"column":12},"end":{"line":133,"column":48}},"87":{"start":{"line":135,"column":12},"end":{"line":135,"column":31}},"88":{"start":{"line":136,"column":12},"end":{"line":136,"column":27}},"89":{"start":{"line":137,"column":12},"end":{"line":137,"column":18}},"90":{"start":{"line":139,"column":12},"end":{"line":139,"column":42}},"91":{"start":{"line":140,"column":12},"end":{"line":140,"column":18}},"92":{"start":{"line":142,"column":12},"end":{"line":144,"column":15}},"93":{"start":{"line":143,"column":14},"end":{"line":143,"column":38}},"94":{"start":{"line":145,"column":12},"end":{"line":145,"column":27}},"95":{"start":{"line":146,"column":12},"end":{"line":146,"column":18}},"96":{"start":{"line":148,"column":12},"end":{"line":148,"column":53}},"97":{"start":{"line":149,"column":12},"end":{"line":149,"column":18}},"98":{"start":{"line":151,"column":12},"end":{"line":151,"column":36}},"99":{"start":{"line":152,"column":12},"end":{"line":152,"column":28}},"100":{"start":{"line":153,"column":12},"end":{"line":153,"column":18}},"101":{"start":{"line":155,"column":12},"end":{"line":155,"column":26}},"102":{"start":{"line":156,"column":12},"end":{"line":156,"column":28}},"103":{"start":{"line":157,"column":12},"end":{"line":157,"column":18}},"104":{"start":{"line":159,"column":12},"end":{"line":159,"column":26}},"105":{"start":{"line":160,"column":12},"end":{"line":160,"column":36}},"106":{"start":{"line":161,"column":12},"end":{"line":161,"column":37}},"107":{"start":{"line":162,"column":12},"end":{"line":162,"column":28}},"108":{"start":{"line":163,"column":12},"end":{"line":163,"column":18}},"109":{"start":{"line":165,"column":12},"end":{"line":165,"column":22}},"110":{"start":{"line":166,"column":12},"end":{"line":166,"column":28}},"111":{"start":{"line":167,"column":12},"end":{"line":167,"column":18}},"112":{"start":{"line":169,"column":12},"end":{"line":169,"column":37}},"113":{"start":{"line":170,"column":12},"end":{"line":170,"column":28}},"114":{"start":{"line":171,"column":12},"end":{"line":171,"column":18}},"115":{"start":{"line":173,"column":12},"end":{"line":173,"column":30}},"116":{"start":{"line":178,"column":0},"end":{"line":178,"column":26}}},"branchMap":{"1":{"line":17,"type":"switch","locations":[{"start":{"line":18,"column":10},"end":{"line":22,"column":18}},{"start":{"line":23,"column":10},"end":{"line":25,"column":24}},{"start":{"line":26,"column":10},"end":{"line":29,"column":18}},{"start":{"line":30,"column":10},"end":{"line":32,"column":18}},{"start":{"line":33,"column":10},"end":{"line":36,"column":18}},{"start":{"line":37,"column":10},"end":{"line":41,"column":18}},{"start":{"line":42,"column":10},"end":{"line":44,"column":24}},{"start":{"line":45,"column":10},"end":{"line":48,"column":18}},{"start":{"line":49,"column":10},"end":{"line":52,"column":18}},{"start":{"line":53,"column":10},"end":{"line":56,"column":18}},{"start":{"line":57,"column":10},"end":{"line":58,"column":30}}]},"2":{"line":31,"type":"cond-expr","locations":[{"start":{"line":31,"column":34},"end":{"line":31,"column":36}},{"start":{"line":31,"column":39},"end":{"line":31,"column":40}}]},"3":{"line":70,"type":"switch","locations":[{"start":{"line":71,"column":10},"end":{"line":76,"column":18}},{"start":{"line":77,"column":10},"end":{"line":80,"column":18}},{"start":{"line":81,"column":10},"end":{"line":83,"column":48}},{"start":{"line":84,"column":10},"end":{"line":87,"column":18}},{"start":{"line":88,"column":10},"end":{"line":91,"column":18}},{"start":{"line":92,"column":10},"end":{"line":95,"column":18}},{"start":{"line":96,"column":10},"end":{"line":101,"column":18}},{"start":{"line":102,"column":10},"end":{"line":105,"column":18}},{"start":{"line":106,"column":10},"end":{"line":109,"column":18}},{"start":{"line":110,"column":10},"end":{"line":111,"column":30}}]},"4":{"line":89,"type":"binary-expr","locations":[{"start":{"line":89,"column":31},"end":{"line":89,"column":37}},{"start":{"line":89,"column":41},"end":{"line":89,"column":73}}]},"5":{"line":122,"type":"switch","locations":[{"start":{"line":123,"column":10},"end":{"line":126,"column":18}},{"start":{"line":127,"column":10},"end":{"line":130,"column":18}},{"start":{"line":131,"column":10},"end":{"line":133,"column":48}},{"start":{"line":134,"column":10},"end":{"line":137,"column":18}},{"start":{"line":138,"column":10},"end":{"line":140,"column":18}},{"start":{"line":141,"column":10},"end":{"line":146,"column":18}},{"start":{"line":147,"column":10},"end":{"line":149,"column":18}},{"start":{"line":150,"column":10},"end":{"line":153,"column":18}},{"start":{"line":154,"column":10},"end":{"line":157,"column":18}},{"start":{"line":158,"column":10},"end":{"line":163,"column":18}},{"start":{"line":164,"column":10},"end":{"line":167,"column":18}},{"start":{"line":168,"column":10},"end":{"line":171,"column":18}},{"start":{"line":172,"column":10},"end":{"line":173,"column":30}}]},"6":{"line":139,"type":"cond-expr","locations":[{"start":{"line":139,"column":36},"end":{"line":139,"column":37}},{"start":{"line":139,"column":40},"end":{"line":139,"column":41}}]},"7":{"line":148,"type":"cond-expr","locations":[{"start":{"line":148,"column":47},"end":{"line":148,"column":48}},{"start":{"line":148,"column":51},"end":{"line":148,"column":52}}]}},"code":["\"use strict\";","var processHelpers = require(\"./processHelpers\");","var Bluebird = require(\"bluebird\");","var async = Bluebird.coroutine;","var _ = require(\"lodash\");","var vsDetect = {","  isInstalled: async($traceurRuntime.initGeneratorFunction(function $__1(version) {","    var $__2,","        $__3,","        $__4,","        $__5,","        $__6,","        $__7,","        $__8;","    return $traceurRuntime.createGeneratorInstance(function($ctx) {","      while (true)","        switch ($ctx.state) {","          case 0:","            $__2 = this._isVSInstalled;","            $__3 = $__2.call(this, version);","            $ctx.state = 17;","            break;","          case 17:","            $ctx.state = 2;","            return $__3;","          case 2:","            $__4 = $ctx.sent;","            $ctx.state = 4;","            break;","          case 4:","            $ctx.state = ($__4) ? 13 : 9;","            break;","          case 13:","            $__8 = $__4;","            $ctx.state = 14;","            break;","          case 9:","            $__5 = this._isBuildToolsInstalled;","            $__6 = $__5.call(this, version);","            $ctx.state = 10;","            break;","          case 10:","            $ctx.state = 6;","            return $__6;","          case 6:","            $__7 = $ctx.sent;","            $ctx.state = 8;","            break;","          case 8:","            $__8 = $__7;","            $ctx.state = 14;","            break;","          case 14:","            $ctx.returnValue = $__8;","            $ctx.state = -2;","            break;","          default:","            return $ctx.end();","        }","    }, $__1, this);","  })),","  _isBuildToolsInstalled: async($traceurRuntime.initGeneratorFunction(function $__9(version) {","    var mainVer,","        key,","        command,","        stdout,","        e;","    return $traceurRuntime.createGeneratorInstance(function($ctx) {","      while (true)","        switch ($ctx.state) {","          case 0:","            mainVer = version.split(\".\")[0];","            key = \"HKLM\\\\SOFTWARE\\\\Classes\\\\Installer\\\\Dependencies\\\\Microsoft.VS.VisualCppBuildTools_x86_enu,v\" + mainVer;","            command = \"reg query \\\"\" + key + \"\\\"\";","            $ctx.state = 19;","            break;","          case 19:","            $ctx.pushTry(7, null);","            $ctx.state = 10;","            break;","          case 10:","            $ctx.state = 2;","            return processHelpers.exec(command);","          case 2:","            stdout = $ctx.sent;","            $ctx.state = 4;","            break;","          case 4:","            $ctx.returnValue = stdout && stdout.indexOf(\"Visual C++\") > 0;","            $ctx.state = -2;","            break;","          case 6:","            $ctx.popTry();","            $ctx.state = 12;","            break;","          case 7:","            $ctx.popTry();","            $ctx.maybeUncatchable();","            e = $ctx.storedException;","            $ctx.state = 13;","            break;","          case 13:","            _.noop(e);","            $ctx.state = 12;","            break;","          case 12:","            $ctx.returnValue = false;","            $ctx.state = -2;","            break;","          default:","            return $ctx.end();","        }","    }, $__9, this);","  })),","  _isVSInstalled: async($traceurRuntime.initGeneratorFunction(function $__10(version) {","    var command,","        stdout,","        lines,","        e;","    return $traceurRuntime.createGeneratorInstance(function($ctx) {","      while (true)","        switch ($ctx.state) {","          case 0:","            command = \"reg query \\\"HKLM\\\\Software\\\\Microsoft\\\\VisualStudio\\\\\" + version + \"\\\"\";","            $ctx.state = 23;","            break;","          case 23:","            $ctx.pushTry(11, null);","            $ctx.state = 14;","            break;","          case 14:","            $ctx.state = 2;","            return processHelpers.exec(command);","          case 2:","            stdout = $ctx.sent;","            $ctx.state = 4;","            break;","          case 4:","            $ctx.state = (stdout) ? 8 : 6;","            break;","          case 8:","            lines = stdout.split(\"\\r\\n\").filter(function(line) {","              return line.length > 10;","            });","            $ctx.state = 9;","            break;","          case 9:","            $ctx.state = (lines.length >= 4) ? 5 : 6;","            break;","          case 5:","            $ctx.returnValue = true;","            $ctx.state = -2;","            break;","          case 6:","            $ctx.popTry();","            $ctx.state = 16;","            break;","          case 11:","            $ctx.popTry();","            $ctx.maybeUncatchable();","            e = $ctx.storedException;","            $ctx.state = 17;","            break;","          case 17:","            _.noop(e);","            $ctx.state = 16;","            break;","          case 16:","            $ctx.returnValue = false;","            $ctx.state = -2;","            break;","          default:","            return $ctx.end();","        }","    }, $__10, this);","  }))","};","module.exports = vsDetect;","","//# sourceMappingURL=vsDetect.js.map",""],"l":{"2":4,"3":4,"4":4,"5":4,"6":4,"8":0,"15":0,"16":0,"17":0,"19":0,"20":0,"21":0,"22":0,"24":0,"25":0,"27":0,"28":0,"29":0,"31":0,"32":0,"34":0,"35":0,"36":0,"38":0,"39":0,"40":0,"41":0,"43":0,"44":0,"46":0,"47":0,"48":0,"50":0,"51":0,"52":0,"54":0,"55":0,"56":0,"58":0,"63":0,"68":0,"69":0,"70":0,"72":0,"73":0,"74":0,"75":0,"76":0,"78":0,"79":0,"80":0,"82":0,"83":0,"85":0,"86":0,"87":0,"89":0,"90":0,"91":0,"93":0,"94":0,"95":0,"97":0,"98":0,"99":0,"100":0,"101":0,"103":0,"104":0,"105":0,"107":0,"108":0,"109":0,"111":0,"116":0,"120":0,"121":0,"122":0,"124":0,"125":0,"126":0,"128":0,"129":0,"130":0,"132":0,"133":0,"135":0,"136":0,"137":0,"139":0,"140":0,"142":0,"143":0,"145":0,"146":0,"148":0,"149":0,"151":0,"152":0,"153":0,"155":0,"156":0,"157":0,"159":0,"160":0,"161":0,"162":0,"163":0,"165":0,"166":0,"167":0,"169":0,"170":0,"171":0,"173":0,"178":0}}}